TN:
SF:src/App.css
FNF:0
FNH:0
LF:0
LH:0
BRF:0
BRH:0
end_of_record
TN:
SF:src/App.tsx
FN:46,Home
FN:47,(anonymous_1)
FN:55,(anonymous_2)
FN:154,Navigation
FN:162,(anonymous_4)
FN:174,(anonymous_5)
FN:186,(anonymous_6)
FN:198,(anonymous_7)
FN:210,(anonymous_8)
FN:222,(anonymous_9)
FN:234,(anonymous_10)
FN:246,(anonymous_11)
FN:258,(anonymous_12)
FN:271,App
FN:272,(anonymous_14)
FNF:15
FNH:15
FNDA:34,Home
FNDA:34,(anonymous_1)
FNDA:18,(anonymous_2)
FNDA:43,Navigation
FNDA:1,(anonymous_4)
FNDA:1,(anonymous_5)
FNDA:1,(anonymous_6)
FNDA:1,(anonymous_7)
FNDA:1,(anonymous_8)
FNDA:1,(anonymous_9)
FNDA:1,(anonymous_10)
FNDA:1,(anonymous_11)
FNDA:1,(anonymous_12)
FNDA:34,App
FNDA:34,(anonymous_14)
DA:47,34
DA:48,34
DA:55,34
DA:56,18
DA:58,18
DA:60,18
DA:62,1
DA:63,17
DA:65,1
DA:66,16
DA:68,1
DA:69,15
DA:71,1
DA:72,14
DA:74,1
DA:75,13
DA:77,1
DA:78,12
DA:80,1
DA:81,11
DA:83,1
DA:84,10
DA:86,2
DA:87,8
DA:89,1
DA:90,7
DA:92,1
DA:93,6
DA:95,1
DA:96,5
DA:98,1
DA:99,4
DA:101,1
DA:102,3
DA:104,1
DA:105,2
DA:107,1
DA:110,1
DA:113,18
DA:119,18
DA:122,34
DA:155,43
DA:157,43
DA:163,1
DA:175,1
DA:187,1
DA:199,1
DA:211,1
DA:223,1
DA:235,1
DA:247,1
DA:259,1
DA:272,34
DA:273,34
DA:280,34
LF:55
LH:55
BRDA:60,0,0,1
BRDA:60,0,1,17
BRDA:63,1,0,1
BRDA:63,1,1,16
BRDA:66,2,0,1
BRDA:66,2,1,15
BRDA:69,3,0,1
BRDA:69,3,1,14
BRDA:72,4,0,1
BRDA:72,4,1,13
BRDA:75,5,0,1
BRDA:75,5,1,12
BRDA:78,6,0,1
BRDA:78,6,1,11
BRDA:81,7,0,1
BRDA:81,7,1,10
BRDA:84,8,0,2
BRDA:84,8,1,8
BRDA:87,9,0,1
BRDA:87,9,1,7
BRDA:90,10,0,1
BRDA:90,10,1,6
BRDA:93,11,0,1
BRDA:93,11,1,5
BRDA:96,12,0,1
BRDA:96,12,1,4
BRDA:99,13,0,1
BRDA:99,13,1,3
BRDA:102,14,0,1
BRDA:102,14,1,2
BRDA:105,15,0,1
BRDA:105,15,1,1
BRDA:161,16,0,43
BRDA:161,16,1,0
BRDA:173,17,0,0
BRDA:173,17,1,43
BRDA:185,18,0,0
BRDA:185,18,1,43
BRDA:197,19,0,0
BRDA:197,19,1,43
BRDA:209,20,0,0
BRDA:209,20,1,43
BRDA:221,21,0,0
BRDA:221,21,1,43
BRDA:233,22,0,0
BRDA:233,22,1,43
BRDA:245,23,0,0
BRDA:245,23,1,43
BRDA:257,24,0,0
BRDA:257,24,1,43
BRF:50
BRH:41
end_of_record
TN:
SF:src/robotard-removebg-preview.png
FNF:0
FNH:0
LF:0
LH:0
BRF:0
BRH:0
end_of_record
TN:
SF:src/vite-env.d.ts
FNF:0
FNH:0
LF:0
LH:0
BRF:0
BRH:0
end_of_record
TN:
SF:src/components/status/DigitalOceanStatus.tsx
FN:25,DigitalOceanStatus
FN:36,(anonymous_1)
FN:69,(anonymous_2)
FN:95,(anonymous_3)
FN:102,(anonymous_4)
FN:130,(anonymous_5)
FN:136,(anonymous_6)
FN:268,(anonymous_7)
FN:313,(anonymous_8)
FN:322,(anonymous_9)
FNF:10
FNH:10
FNDA:35,DigitalOceanStatus
FNDA:12,(anonymous_1)
FNDA:12,(anonymous_2)
FNDA:12,(anonymous_3)
FNDA:6,(anonymous_4)
FNDA:1,(anonymous_5)
FNDA:10,(anonymous_6)
FNDA:6,(anonymous_7)
FNDA:12,(anonymous_8)
FNDA:10,(anonymous_9)
DA:29,35
DA:31,35
DA:32,35
DA:36,35
DA:37,12
DA:39,10
DA:41,0
DA:43,0
DA:45,0
DA:47,0
DA:49,0
DA:51,0
DA:53,0
DA:55,0
DA:57,0
DA:59,0
DA:61,0
DA:63,0
DA:65,2
DA:69,35
DA:70,12
DA:73,10
DA:76,0
DA:79,0
DA:81,0
DA:83,0
DA:89,0
DA:91,2
DA:95,35
DA:96,12
DA:97,12
DA:98,12
DA:99,12
DA:102,35
DA:103,6
DA:106,35
DA:107,4
DA:115,31
DA:116,1
DA:125,30
DA:130,1
DA:136,10
DA:269,6
DA:314,12
DA:323,10
LF:45
LH:28
BRDA:37,0,0,10
BRDA:37,0,1,0
BRDA:37,0,2,0
BRDA:37,0,3,0
BRDA:37,0,4,0
BRDA:37,0,5,0
BRDA:37,0,6,0
BRDA:37,0,7,0
BRDA:37,0,8,0
BRDA:37,0,9,0
BRDA:37,0,10,0
BRDA:37,0,11,0
BRDA:37,0,12,0
BRDA:37,0,13,2
BRDA:70,1,0,10
BRDA:70,1,1,10
BRDA:70,1,2,0
BRDA:70,1,3,0
BRDA:70,1,4,0
BRDA:70,1,5,0
BRDA:70,1,6,0
BRDA:70,1,7,0
BRDA:70,1,8,0
BRDA:70,1,9,0
BRDA:70,1,10,0
BRDA:70,1,11,0
BRDA:70,1,12,0
BRDA:70,1,13,2
BRDA:97,2,0,0
BRDA:97,2,1,12
BRDA:106,3,0,4
BRDA:106,3,1,31
BRDA:115,4,0,1
BRDA:115,4,1,30
BRDA:129,5,0,20
BRDA:129,5,1,10
BRDA:135,6,0,10
BRDA:135,6,1,20
BRDA:138,7,0,35
BRDA:138,7,1,17
BRDA:143,8,0,35
BRDA:143,8,1,20
BRDA:145,9,0,6
BRDA:145,9,1,14
BRDA:149,10,0,6
BRDA:149,10,1,1
BRDA:156,11,0,4
BRDA:156,11,1,2
BRDA:159,12,0,4
BRDA:159,12,1,2
BRDA:161,13,0,4
BRDA:161,13,1,2
BRDA:163,14,0,6
BRDA:163,14,1,5
BRDA:178,15,0,6
BRDA:178,15,1,1
BRDA:178,15,2,1
BRDA:184,16,0,6
BRDA:184,16,1,1
BRDA:190,17,0,5
BRDA:190,17,1,1
BRDA:198,18,0,5
BRDA:198,18,1,1
BRDA:206,19,0,4
BRDA:206,19,1,2
BRDA:221,20,0,6
BRDA:221,20,1,1
BRDA:233,21,0,6
BRDA:233,21,1,1
BRDA:239,22,0,6
BRDA:239,22,1,1
BRDA:244,23,0,6
BRDA:244,23,1,1
BRDA:250,24,0,6
BRDA:250,24,1,1
BRDA:261,25,0,35
BRDA:261,25,1,10
BRDA:263,26,0,4
BRDA:263,26,1,6
BRDA:264,27,0,10
BRDA:264,27,1,4
BRDA:268,28,0,6
BRDA:268,28,1,0
BRDA:319,29,0,6
BRDA:319,29,1,5
BRF:85
BRH:60
end_of_record
TN:
SF:src/components/status/GitHubStatus.tsx
FN:28,(anonymous_0)
FN:34,(anonymous_1)
FN:40,(anonymous_2)
FN:88,(anonymous_3)
FN:114,(anonymous_4)
FN:136,(anonymous_5)
FN:143,(anonymous_6)
FN:171,(anonymous_7)
FN:182,(anonymous_8)
FN:197,(anonymous_9)
FN:203,(anonymous_10)
FN:209,(anonymous_11)
FN:215,(anonymous_12)
FN:229,(anonymous_13)
FN:298,(anonymous_14)
FN:367,(anonymous_15)
FN:436,(anonymous_16)
FN:509,(anonymous_17)
FNF:18
FNH:11
FNDA:31,(anonymous_0)
FNDA:23,(anonymous_1)
FNDA:23,(anonymous_2)
FNDA:5,(anonymous_3)
FNDA:5,(anonymous_4)
FNDA:5,(anonymous_5)
FNDA:14,(anonymous_6)
FNDA:1,(anonymous_7)
FNDA:6,(anonymous_8)
FNDA:0,(anonymous_9)
FNDA:0,(anonymous_10)
FNDA:0,(anonymous_11)
FNDA:0,(anonymous_12)
FNDA:5,(anonymous_13)
FNDA:0,(anonymous_14)
FNDA:0,(anonymous_15)
FNDA:0,(anonymous_16)
FNDA:4,(anonymous_17)
DA:28,3
DA:29,31
DA:30,31
DA:34,31
DA:35,23
DA:40,31
DA:41,23
DA:42,23
DA:50,23
DA:58,20
DA:66,23
DA:78,3
DA:79,3
DA:88,31
DA:89,5
DA:90,5
DA:92,5
DA:94,0
DA:96,0
DA:98,0
DA:100,0
DA:102,0
DA:104,0
DA:106,0
DA:107,0
DA:108,0
DA:109,0
DA:111,0
DA:114,31
DA:115,5
DA:116,5
DA:118,5
DA:120,0
DA:122,0
DA:126,0
DA:128,0
DA:130,0
DA:131,0
DA:133,0
DA:136,31
DA:137,5
DA:138,5
DA:140,0
DA:143,31
DA:144,14
DA:147,31
DA:148,3
DA:156,28
DA:157,3
DA:166,25
DA:171,1
DA:182,6
DA:197,0
DA:203,0
DA:209,0
DA:215,0
DA:230,5
DA:299,0
DA:368,0
DA:437,0
DA:510,4
LF:61
LH:35
BRDA:59,0,0,20
BRDA:59,0,1,0
BRDA:60,1,0,23
BRDA:60,1,1,0
BRDA:62,2,0,23
BRDA:62,2,1,0
BRDA:63,3,0,23
BRDA:63,3,1,0
BRDA:70,4,0,23
BRDA:70,4,1,0
BRDA:71,5,0,23
BRDA:71,5,1,0
BRDA:72,6,0,23
BRDA:72,6,1,0
BRDA:73,7,0,23
BRDA:73,7,1,0
BRDA:83,8,0,3
BRDA:83,8,1,0
BRDA:89,9,0,5
BRDA:89,9,1,0
BRDA:90,10,0,5
BRDA:90,10,1,0
BRDA:90,10,2,0
BRDA:90,10,3,0
BRDA:90,10,4,0
BRDA:90,10,5,0
BRDA:90,10,6,0
BRDA:106,11,0,0
BRDA:106,11,1,0
BRDA:108,12,0,0
BRDA:108,12,1,0
BRDA:115,13,0,5
BRDA:115,13,1,0
BRDA:116,14,0,5
BRDA:116,14,1,0
BRDA:116,14,2,0
BRDA:116,14,3,0
BRDA:116,14,4,0
BRDA:116,14,5,0
BRDA:116,14,6,0
BRDA:130,15,0,0
BRDA:130,15,1,0
BRDA:130,16,0,0
BRDA:130,16,1,0
BRDA:137,17,0,5
BRDA:137,17,1,0
BRDA:138,18,0,5
BRDA:138,18,1,0
BRDA:147,19,0,3
BRDA:147,19,1,28
BRDA:156,20,0,3
BRDA:156,20,1,25
BRDA:170,21,0,19
BRDA:170,21,1,6
BRDA:174,22,0,31
BRDA:174,22,1,20
BRDA:175,23,0,31
BRDA:175,23,1,25
BRDA:176,24,0,31
BRDA:176,24,1,25
BRDA:177,25,0,31
BRDA:177,25,1,25
BRDA:181,26,0,6
BRDA:181,26,1,19
BRDA:184,27,0,31
BRDA:184,27,1,16
BRDA:189,28,0,31
BRDA:189,28,1,19
BRDA:196,29,0,19
BRDA:196,29,1,0
BRDA:202,30,0,0
BRDA:202,30,1,19
BRDA:208,31,0,0
BRDA:208,31,1,19
BRDA:214,32,0,0
BRDA:214,32,1,19
BRDA:222,33,0,19
BRDA:222,33,1,19
BRDA:224,34,0,14
BRDA:224,34,1,5
BRDA:224,35,0,19
BRDA:224,35,1,14
BRDA:228,36,0,5
BRDA:228,36,1,0
BRDA:243,37,0,5
BRDA:243,37,1,0
BRDA:247,38,0,5
BRDA:247,38,1,0
BRDA:253,39,0,5
BRDA:253,39,1,0
BRDA:253,39,2,0
BRDA:259,40,0,5
BRDA:259,40,1,0
BRDA:265,41,0,5
BRDA:265,41,1,0
BRDA:269,42,0,5
BRDA:269,42,1,5
BRDA:291,43,0,19
BRDA:291,43,1,0
BRDA:293,44,0,0
BRDA:293,44,1,0
BRDA:293,45,0,0
BRDA:293,45,1,0
BRDA:297,46,0,0
BRDA:297,46,1,0
BRDA:312,47,0,0
BRDA:312,47,1,0
BRDA:316,48,0,0
BRDA:316,48,1,0
BRDA:322,49,0,0
BRDA:322,49,1,0
BRDA:322,49,2,0
BRDA:328,50,0,0
BRDA:328,50,1,0
BRDA:334,51,0,0
BRDA:334,51,1,0
BRDA:338,52,0,0
BRDA:338,52,1,0
BRDA:360,53,0,19
BRDA:360,53,1,0
BRDA:362,54,0,0
BRDA:362,54,1,0
BRDA:362,55,0,0
BRDA:362,55,1,0
BRDA:366,56,0,0
BRDA:366,56,1,0
BRDA:381,57,0,0
BRDA:381,57,1,0
BRDA:385,58,0,0
BRDA:385,58,1,0
BRDA:391,59,0,0
BRDA:391,59,1,0
BRDA:391,59,2,0
BRDA:397,60,0,0
BRDA:397,60,1,0
BRDA:403,61,0,0
BRDA:403,61,1,0
BRDA:407,62,0,0
BRDA:407,62,1,0
BRDA:429,63,0,19
BRDA:429,63,1,0
BRDA:431,64,0,0
BRDA:431,64,1,0
BRDA:431,65,0,0
BRDA:431,65,1,0
BRDA:435,66,0,0
BRDA:435,66,1,0
BRDA:450,67,0,0
BRDA:450,67,1,0
BRDA:454,68,0,0
BRDA:454,68,1,0
BRDA:460,69,0,0
BRDA:460,69,1,0
BRDA:460,69,2,0
BRDA:466,70,0,0
BRDA:466,70,1,0
BRDA:472,71,0,0
BRDA:472,71,1,0
BRDA:476,72,0,0
BRDA:476,72,1,0
BRDA:499,73,0,31
BRDA:499,73,1,6
BRDA:504,74,0,2
BRDA:504,74,1,4
BRDA:505,75,0,6
BRDA:505,75,1,2
BRDA:509,76,0,4
BRDA:509,76,1,0
BRDA:514,77,0,0
BRDA:514,77,1,4
BRDA:516,78,0,0
BRDA:516,78,1,4
BRDA:517,79,0,0
BRDA:517,79,1,4
BRDA:523,80,0,4
BRDA:523,80,1,0
BRDA:526,81,0,4
BRDA:526,81,1,0
BRDA:529,82,0,4
BRDA:529,82,1,0
BRDA:532,83,0,4
BRDA:532,83,1,0
BRDA:536,84,0,4
BRDA:536,84,1,0
BRF:184
BRH:71
end_of_record
TN:
SF:src/components/status/HealthPage.tsx
FN:50,HealthPage
FN:90,(anonymous_1)
FN:104,(anonymous_2)
FN:106,(anonymous_3)
FN:108,(anonymous_4)
FN:109,(anonymous_5)
FN:123,(anonymous_6)
FN:129,(anonymous_7)
FN:135,(anonymous_8)
FN:141,(anonymous_9)
FN:148,(anonymous_10)
FN:155,(anonymous_11)
FN:157,(anonymous_12)
FN:169,(anonymous_13)
FN:182,(anonymous_14)
FN:199,(anonymous_15)
FN:206,(anonymous_16)
FN:207,(anonymous_17)
FN:215,(anonymous_18)
FN:236,(anonymous_19)
FN:302,(anonymous_20)
FN:349,(anonymous_21)
FN:358,(anonymous_22)
FN:386,(anonymous_23)
FN:408,(anonymous_24)
FN:446,(anonymous_25)
FN:447,(anonymous_26)
FN:457,(anonymous_27)
FN:458,(anonymous_28)
FNF:29
FNH:16
FNDA:21,HealthPage
FNDA:2,(anonymous_1)
FNDA:42,(anonymous_2)
FNDA:294,(anonymous_3)
FNDA:294,(anonymous_4)
FNDA:294,(anonymous_5)
FNDA:21,(anonymous_6)
FNDA:0,(anonymous_7)
FNDA:21,(anonymous_8)
FNDA:11,(anonymous_9)
FNDA:0,(anonymous_10)
FNDA:0,(anonymous_11)
FNDA:0,(anonymous_12)
FNDA:0,(anonymous_13)
FNDA:0,(anonymous_14)
FNDA:0,(anonymous_15)
FNDA:0,(anonymous_16)
FNDA:0,(anonymous_17)
FNDA:0,(anonymous_18)
FNDA:21,(anonymous_19)
FNDA:0,(anonymous_20)
FNDA:21,(anonymous_21)
FNDA:1,(anonymous_22)
FNDA:2,(anonymous_23)
FNDA:3,(anonymous_24)
FNDA:4,(anonymous_25)
FNDA:4,(anonymous_26)
FNDA:0,(anonymous_27)
FNDA:0,(anonymous_28)
DA:51,21
DA:81,21
DA:82,21
DA:83,21
DA:86,21
DA:87,21
DA:88,21
DA:90,21
DA:91,2
DA:92,2
DA:93,2
DA:96,2
DA:97,2
DA:100,0
DA:104,21
DA:105,42
DA:106,294
DA:107,42
DA:108,294
DA:109,294
DA:111,42
DA:123,21
DA:124,21
DA:129,0
DA:131,21
DA:135,21
DA:136,21
DA:141,21
DA:143,11
DA:144,11
DA:148,0
DA:149,0
DA:152,0
DA:155,0
DA:156,0
DA:157,0
DA:162,0
DA:167,0
DA:169,0
DA:181,0
DA:182,0
DA:196,0
DA:199,0
DA:200,0
DA:201,0
DA:206,0
DA:207,0
DA:208,0
DA:209,0
DA:211,0
DA:215,0
DA:216,0
DA:217,0
DA:221,21
DA:237,21
DA:238,21
DA:302,0
DA:350,21
DA:351,21
DA:352,21
DA:354,21
DA:359,1
DA:364,1
DA:387,2
DA:392,2
DA:409,3
DA:414,3
DA:447,4
DA:458,0
LF:69
LH:42
BRDA:96,0,0,2
BRDA:96,0,1,0
BRDA:118,1,0,0
BRDA:118,1,1,42
BRDA:118,2,0,0
BRDA:118,2,1,42
BRDA:143,3,0,11
BRDA:143,3,1,0
BRDA:143,4,0,11
BRDA:143,4,1,11
BRDA:188,5,0,0
BRDA:188,5,1,0
BRDA:200,6,0,0
BRDA:200,6,1,0
BRDA:208,7,0,0
BRDA:208,7,1,0
BRDA:243,8,0,21
BRDA:243,8,1,0
BRDA:248,9,0,0
BRDA:248,9,1,0
BRDA:267,10,0,21
BRDA:267,10,1,0
BRDA:275,11,0,21
BRDA:275,11,1,0
BRDA:293,12,0,2
BRDA:293,12,1,19
BRDA:298,13,0,2
BRDA:298,13,1,19
BRDA:301,14,0,21
BRDA:301,14,1,0
BRDA:304,15,0,21
BRDA:304,15,1,0
BRDA:309,16,0,21
BRDA:309,16,1,0
BRDA:313,17,0,21
BRDA:313,17,1,21
BRDA:357,18,0,14
BRDA:357,18,1,7
BRDA:368,19,0,21
BRDA:368,19,1,0
BRDA:373,20,0,21
BRDA:373,20,1,21
BRDA:373,20,2,21
BRDA:377,21,0,21
BRDA:377,21,1,0
BRDA:377,21,2,0
BRDA:385,22,0,4
BRDA:385,22,1,17
BRDA:396,23,0,21
BRDA:396,23,1,0
BRDA:401,24,0,21
BRDA:401,24,1,5
BRDA:401,24,2,5
BRDA:407,25,0,3
BRDA:407,25,1,18
BRDA:418,26,0,21
BRDA:418,26,1,0
BRDA:421,27,0,21
BRDA:421,27,1,0
BRDA:421,27,2,0
BRDA:433,28,0,21
BRDA:433,28,1,14
BRDA:442,29,0,21
BRDA:442,29,1,4
BRDA:453,30,0,21
BRDA:453,30,1,3
BRF:66
BRH:41
end_of_record
TN:
SF:src/components/status/IncidentHistory.tsx
FN:10,IncidentHistory
FN:14,(anonymous_1)
FN:19,(anonymous_2)
FN:33,(anonymous_3)
FN:49,(anonymous_4)
FN:50,(anonymous_5)
FN:79,(anonymous_6)
FN:88,(anonymous_7)
FNF:8
FNH:2
FNDA:32,IncidentHistory
FNDA:11,(anonymous_1)
FNDA:0,(anonymous_2)
FNDA:0,(anonymous_3)
FNDA:0,(anonymous_4)
FNDA:0,(anonymous_5)
FNDA:0,(anonymous_6)
FNDA:0,(anonymous_7)
DA:11,32
DA:12,32
DA:14,32
DA:15,11
DA:16,11
DA:19,32
DA:20,0
DA:21,0
DA:22,0
DA:24,0
DA:25,0
DA:26,0
DA:27,0
DA:29,0
DA:33,32
DA:34,0
DA:35,0
DA:36,0
DA:37,0
DA:39,0
DA:40,0
DA:41,0
DA:42,0
DA:44,0
DA:45,0
DA:49,32
DA:50,32
DA:52,32
DA:79,0
DA:89,0
LF:30
LH:10
BRDA:10,0,0,32
BRDA:24,1,0,0
BRDA:24,1,1,0
BRDA:26,2,0,0
BRDA:26,2,1,0
BRDA:39,3,0,0
BRDA:39,3,1,0
BRDA:41,4,0,0
BRDA:41,4,1,0
BRDA:57,5,0,32
BRDA:57,5,1,0
BRDA:63,6,0,0
BRDA:63,6,1,0
BRDA:68,7,0,0
BRDA:68,7,1,0
BRDA:76,8,0,32
BRDA:76,8,1,0
BRDA:81,9,0,0
BRDA:81,9,1,0
BRDA:86,10,0,32
BRDA:86,10,1,0
BRDA:88,11,0,0
BRDA:88,11,1,0
BRDA:91,12,0,0
BRDA:91,12,1,0
BRDA:94,13,0,0
BRDA:94,13,1,0
BRDA:94,14,0,0
BRDA:94,14,1,0
BRDA:99,15,0,0
BRDA:99,15,1,0
BRDA:99,16,0,0
BRDA:99,16,1,0
BRDA:105,17,0,0
BRDA:105,17,1,0
BRDA:110,18,0,0
BRDA:110,18,1,0
BRDA:115,19,0,0
BRDA:115,19,1,0
BRF:39
BRH:4
end_of_record
TN:
SF:src/components/status/ServiceHealth.tsx
FN:42,(anonymous_0)
FN:98,(anonymous_1)
FN:313,(anonymous_2)
FN:316,(anonymous_3)
FN:321,(anonymous_4)
FN:325,(anonymous_5)
FN:342,(anonymous_6)
FN:345,(anonymous_7)
FN:352,(anonymous_8)
FN:365,(anonymous_9)
FN:369,(anonymous_10)
FN:376,(anonymous_11)
FN:383,(anonymous_12)
FN:391,(anonymous_13)
FN:404,(anonymous_14)
FN:417,(anonymous_15)
FN:438,(anonymous_16)
FN:444,(anonymous_17)
FN:450,(anonymous_18)
FN:458,(anonymous_19)
FNF:20
FNH:19
FNDA:40,(anonymous_0)
FNDA:280,(anonymous_1)
FNDA:40,(anonymous_2)
FNDA:280,(anonymous_3)
FNDA:280,(anonymous_4)
FNDA:182,(anonymous_5)
FNDA:182,(anonymous_6)
FNDA:182,(anonymous_7)
FNDA:182,(anonymous_8)
FNDA:33,(anonymous_9)
FNDA:29,(anonymous_10)
FNDA:0,(anonymous_11)
FNDA:29,(anonymous_12)
FNDA:280,(anonymous_13)
FNDA:560,(anonymous_14)
FNDA:280,(anonymous_15)
FNDA:280,(anonymous_16)
FNDA:280,(anonymous_17)
FNDA:280,(anonymous_18)
FNDA:280,(anonymous_19)
DA:41,3
DA:43,40
DA:95,40
DA:96,40
DA:98,40
DA:99,280
DA:105,280
DA:106,280
DA:109,280
DA:110,40
DA:112,40
DA:113,40
DA:117,40
DA:129,24
DA:130,4
DA:133,20
DA:134,20
DA:137,20
DA:145,20
DA:147,20
DA:148,20
DA:157,20
DA:164,0
DA:167,6
DA:175,6
DA:181,240
DA:184,40
DA:185,40
DA:186,40
DA:188,40
DA:193,24
DA:195,24
DA:196,20
DA:204,20
DA:211,4
DA:214,6
DA:221,6
DA:227,200
DA:233,80
DA:238,48
DA:241,48
DA:242,44
DA:251,44
DA:258,4
DA:266,4
DA:274,120
DA:279,72
DA:281,72
DA:289,72
DA:297,10
DA:305,10
DA:313,40
DA:314,40
DA:316,280
DA:320,40
DA:321,280
DA:325,26
DA:326,182
DA:333,182
DA:334,182
DA:341,26
DA:342,182
DA:344,26
DA:345,182
DA:348,26
DA:352,182
DA:361,26
DA:365,40
DA:369,40
DA:370,29
DA:375,29
DA:376,29
DA:377,0
DA:380,0
DA:383,29
DA:384,29
DA:387,29
DA:391,40
DA:392,280
DA:394,265
DA:396,1
DA:398,14
DA:400,0
DA:404,40
DA:405,560
DA:407,530
DA:409,2
DA:411,28
DA:413,0
DA:417,40
DA:418,280
DA:420,265
DA:422,1
DA:424,14
DA:426,0
DA:430,40
DA:438,280
DA:444,280
DA:450,280
DA:459,280
DA:528,3
LF:101
LH:95
BRDA:109,0,0,40
BRDA:109,0,1,240
BRDA:129,1,0,4
BRDA:129,1,1,20
BRDA:147,2,0,20
BRDA:147,2,1,0
BRDA:170,3,0,6
BRDA:170,3,1,0
BRDA:181,4,0,40
BRDA:181,4,1,200
BRDA:195,5,0,20
BRDA:195,5,1,4
BRDA:216,6,0,6
BRDA:216,6,1,0
BRDA:227,7,0,80
BRDA:227,7,1,120
BRDA:230,8,0,200
BRDA:230,8,1,160
BRDA:241,9,0,44
BRDA:241,9,1,4
BRDA:300,10,0,10
BRDA:300,10,1,0
BRDA:392,11,0,265
BRDA:392,11,1,1
BRDA:392,11,2,14
BRDA:392,11,3,0
BRDA:405,12,0,530
BRDA:405,12,1,2
BRDA:405,12,2,28
BRDA:405,12,3,0
BRDA:418,13,0,265
BRDA:418,13,1,1
BRDA:418,13,2,14
BRDA:418,13,3,0
BRDA:476,14,0,280
BRDA:476,14,1,280
BRDA:491,15,0,280
BRDA:491,15,1,50
BRDA:500,16,0,280
BRDA:500,16,1,63
BRDA:504,17,0,7
BRDA:504,17,1,56
BRDA:504,18,0,0
BRDA:504,18,1,56
BRF:44
BRH:36
end_of_record
TN:
SF:src/components/swantron/SwantronCard.tsx
FN:8,(anonymous_0)
FN:29,(anonymous_1)
FN:43,(anonymous_2)
FNF:3
FNH:3
FNDA:21,(anonymous_0)
FNDA:35,(anonymous_1)
FNDA:1,(anonymous_2)
DA:8,2
DA:9,21
DA:11,21
DA:30,35
DA:43,1
DA:54,2
LF:6
LH:6
BRDA:14,0,0,21
BRDA:14,0,1,19
BRDA:27,1,0,21
BRDA:27,1,1,19
BRF:4
BRH:4
end_of_record
TN:
SF:src/components/swantron/SwantronDetail.tsx
FN:12,(anonymous_0)
FN:19,(anonymous_1)
FN:20,(anonymous_2)
FN:103,(anonymous_3)
FN:135,(anonymous_4)
FNF:5
FNH:5
FNDA:39,(anonymous_0)
FNDA:20,(anonymous_1)
FNDA:20,(anonymous_2)
FNDA:28,(anonymous_3)
FNDA:28,(anonymous_4)
DA:12,2
DA:13,39
DA:14,39
DA:15,39
DA:16,39
DA:17,39
DA:19,39
DA:20,20
DA:21,20
DA:23,20
DA:24,20
DA:25,20
DA:26,17
DA:27,17
DA:29,2
DA:32,2
DA:37,19
DA:41,20
DA:44,39
DA:45,20
DA:55,19
DA:56,2
DA:66,17
DA:67,1
DA:77,16
DA:104,28
DA:136,28
LF:27
LH:27
BRDA:21,0,0,0
BRDA:21,0,1,20
BRDA:44,1,0,20
BRDA:44,1,1,19
BRDA:55,2,0,2
BRDA:55,2,1,17
BRDA:66,3,0,1
BRDA:66,3,1,16
BRDA:84,4,0,16
BRDA:84,4,1,2
BRDA:88,5,0,39
BRDA:88,5,1,14
BRDA:101,6,0,39
BRDA:101,6,1,14
BRDA:132,7,0,39
BRDA:132,7,1,14
BRF:16
BRH:15
end_of_record
TN:
SF:src/components/swantron/SwantronList.tsx
FN:11,(anonymous_0)
FN:19,(anonymous_1)
FN:20,(anonymous_2)
FN:59,(anonymous_3)
FN:87,(anonymous_4)
FN:116,(anonymous_5)
FN:124,(anonymous_6)
FN:143,(anonymous_7)
FNF:8
FNH:8
FNDA:73,(anonymous_0)
FNDA:31,(anonymous_1)
FNDA:31,(anonymous_2)
FNDA:1,(anonymous_3)
FNDA:5,(anonymous_4)
FNDA:74,(anonymous_5)
FNDA:1,(anonymous_6)
FNDA:5,(anonymous_7)
DA:11,2
DA:12,73
DA:13,73
DA:14,73
DA:15,73
DA:16,73
DA:17,73
DA:19,73
DA:20,31
DA:21,31
DA:22,31
DA:24,31
DA:31,31
DA:35,22
DA:36,22
DA:37,22
DA:39,22
DA:47,2
DA:50,2
DA:52,30
DA:56,31
DA:59,73
DA:60,1
DA:62,1
DA:68,1
DA:71,73
DA:88,5
DA:89,5
DA:94,5
DA:117,74
DA:125,1
DA:126,1
DA:132,1
DA:144,5
DA:145,5
DA:151,5
LF:36
LH:36
BRDA:31,0,0,6
BRDA:31,0,1,25
BRDA:105,1,0,32
BRDA:105,1,1,41
BRDA:107,2,0,2
BRDA:107,2,1,39
BRDA:109,3,0,0
BRDA:109,3,1,39
BRDA:121,4,0,39
BRDA:121,4,1,34
BRF:10
BRH:9
end_of_record
TN:
SF:src/components/ui/Chomptron.tsx
FN:8,(anonymous_0)
FN:15,(anonymous_1)
FN:21,(anonymous_2)
FN:33,(anonymous_3)
FN:34,(anonymous_4)
FN:43,(anonymous_5)
FN:57,(anonymous_6)
FN:67,(anonymous_7)
FN:70,(anonymous_8)
FN:85,(anonymous_9)
FN:119,(anonymous_10)
FNF:11
FNH:6
FNDA:40,(anonymous_0)
FNDA:19,(anonymous_1)
FNDA:22,(anonymous_2)
FNDA:0,(anonymous_3)
FNDA:0,(anonymous_4)
FNDA:0,(anonymous_5)
FNDA:4,(anonymous_6)
FNDA:19,(anonymous_7)
FNDA:0,(anonymous_8)
FNDA:7,(anonymous_9)
FNDA:0,(anonymous_10)
DA:8,2
DA:9,40
DA:12,40
DA:13,40
DA:15,40
DA:16,19
DA:21,19
DA:22,22
DA:23,22
DA:24,22
DA:26,22
DA:27,10
DA:28,10
DA:29,7
DA:30,7
DA:33,7
DA:34,0
DA:35,0
DA:36,0
DA:37,0
DA:39,0
DA:43,7
DA:46,11
DA:49,1
DA:53,19
DA:57,19
DA:58,4
DA:62,3
DA:66,19
DA:67,19
DA:70,40
DA:71,0
DA:72,0
DA:74,0
DA:75,0
DA:79,0
DA:85,40
DA:86,7
DA:87,7
DA:88,6
DA:89,6
DA:90,6
DA:91,5
DA:93,1
DA:96,40
DA:119,0
LF:46
LH:35
BRDA:26,0,0,10
BRDA:26,0,1,11
BRDA:28,1,0,7
BRDA:28,1,1,3
BRDA:35,2,0,0
BRDA:35,2,1,0
BRDA:35,3,0,0
BRDA:35,3,1,0
BRDA:58,4,0,3
BRDA:58,4,1,1
BRDA:59,5,0,4
BRDA:59,5,1,1
BRDA:72,6,0,0
BRDA:72,6,1,0
BRDA:86,7,0,0
BRDA:86,7,1,7
BRDA:87,8,0,1
BRDA:87,8,1,6
BRDA:87,9,0,1
BRDA:87,9,1,0
BRDA:90,10,0,5
BRDA:90,10,1,1
BRDA:91,11,0,2
BRDA:91,11,1,3
BRDA:93,12,0,1
BRDA:93,12,1,0
BRDA:93,13,0,1
BRDA:93,13,1,0
BRDA:138,14,0,40
BRDA:138,14,1,10
BRDA:146,15,0,10
BRDA:146,15,1,7
BRDA:146,15,2,7
BRF:33
BRH:23
end_of_record
TN:
SF:src/components/ui/ErrorBoundary.tsx
FN:25,(anonymous_0)
FN:50,(anonymous_1)
FN:30,(anonymous_2)
FN:35,(anonymous_3)
FN:60,(anonymous_4)
FN:94,(anonymous_5)
FNF:6
FNH:6
FNDA:64,(anonymous_0)
FNDA:2,(anonymous_1)
FNDA:2,(anonymous_2)
FNDA:15,(anonymous_3)
FNDA:113,(anonymous_4)
FNDA:1,(anonymous_5)
DA:26,64
DA:27,64
DA:32,30
DA:37,15
DA:39,15
DA:45,15
DA:50,64
DA:51,2
DA:57,2
DA:61,113
DA:62,46
DA:65,46
DA:66,0
DA:76,46
DA:95,1
DA:100,1
DA:124,67
LF:17
LH:16
BRDA:45,0,0,0
BRDA:45,0,1,15
BRDA:61,1,0,46
BRDA:61,1,1,67
BRDA:62,2,0,46
BRDA:65,3,0,0
BRDA:65,3,1,46
BRDA:109,4,0,46
BRDA:109,4,1,0
BRDA:109,4,2,0
BRDA:113,5,0,0
BRDA:113,5,1,0
BRDA:115,6,0,0
BRDA:115,6,1,0
BRF:14
BRH:6
end_of_record
TN:
SF:src/components/ui/FizzBuzz.tsx
FN:13,FizzBuzzDisplay
FN:14,(anonymous_1)
FN:31,(anonymous_2)
FN:45,FizzBuzz
FN:48,(anonymous_4)
FN:102,(anonymous_5)
FNF:6
FNH:6
FNDA:12,FizzBuzzDisplay
FNDA:12,(anonymous_1)
FNDA:12,(anonymous_2)
FNDA:28,FizzBuzz
FNDA:15,(anonymous_4)
FNDA:12,(anonymous_5)
DA:14,12
DA:15,12
DA:16,12
DA:17,79
DA:18,3
DA:19,76
DA:20,20
DA:21,56
DA:22,10
DA:24,46
DA:27,12
DA:31,12
DA:32,12
DA:33,12
DA:37,12
DA:46,28
DA:48,28
DA:49,15
DA:51,15
DA:57,15
DA:60,28
DA:103,12
LF:22
LH:22
BRDA:17,0,0,3
BRDA:17,0,1,76
BRDA:17,1,0,79
BRDA:17,1,1,23
BRDA:19,2,0,20
BRDA:19,2,1,56
BRDA:21,3,0,10
BRDA:21,3,1,46
BRDA:32,4,0,12
BRDA:32,4,1,0
BRDA:32,5,0,12
BRDA:32,5,1,12
BRDA:53,6,0,15
BRDA:53,6,1,15
BRDA:97,7,0,28
BRDA:97,7,1,14
BRDA:97,7,2,14
BRDA:97,7,3,12
BRF:18
BRH:17
end_of_record
TN:
SF:src/components/ui/Hello.tsx
FN:6,Hello
FNF:1
FNH:1
FNDA:12,Hello
DA:7,12
LF:1
LH:1
BRF:0
BRH:0
end_of_record
TN:
SF:src/components/ui/MLB.tsx
FN:105,MLB
FN:117,(anonymous_1)
FN:129,(anonymous_2)
FN:133,(anonymous_3)
FN:134,(anonymous_4)
FN:137,(anonymous_5)
FN:141,(anonymous_6)
FN:144,(anonymous_7)
FN:157,(anonymous_8)
FN:188,(anonymous_9)
FN:197,(anonymous_10)
FN:203,(anonymous_11)
FN:206,(anonymous_12)
FN:207,(anonymous_13)
FN:215,(anonymous_14)
FN:218,(anonymous_15)
FN:223,(anonymous_16)
FN:225,(anonymous_17)
FN:228,(anonymous_18)
FN:230,(anonymous_19)
FN:236,(anonymous_20)
FN:267,(anonymous_21)
FN:281,(anonymous_22)
FN:295,(anonymous_23)
FN:309,(anonymous_24)
FN:328,(anonymous_25)
FN:342,(anonymous_26)
FN:356,(anonymous_27)
FN:398,renderStandings
FN:401,(anonymous_29)
FN:422,(anonymous_30)
FN:471,renderTeamStats
FN:481,(anonymous_32)
FN:485,(anonymous_33)
FN:499,(anonymous_34)
FN:506,(anonymous_35)
FN:509,(anonymous_36)
FN:671,renderPlayoffRace
FN:673,(anonymous_38)
FN:675,(anonymous_39)
FN:675,(anonymous_40)
FN:679,(anonymous_41)
FN:681,(anonymous_42)
FN:681,(anonymous_43)
FN:686,(anonymous_44)
FN:704,(anonymous_45)
FN:790,renderRankings
FN:793,(anonymous_47)
FN:807,(anonymous_48)
FNF:49
FNH:37
FNDA:45,MLB
FNDA:37,(anonymous_1)
FNDA:6,(anonymous_2)
FNDA:3,(anonymous_3)
FNDA:6,(anonymous_4)
FNDA:62,(anonymous_5)
FNDA:150,(anonymous_6)
FNDA:20,(anonymous_7)
FNDA:20,(anonymous_8)
FNDA:20,(anonymous_9)
FNDA:46,(anonymous_10)
FNDA:1,(anonymous_11)
FNDA:3,(anonymous_12)
FNDA:0,(anonymous_13)
FNDA:1,(anonymous_14)
FNDA:4,(anonymous_15)
FNDA:4,(anonymous_16)
FNDA:4,(anonymous_17)
FNDA:4,(anonymous_18)
FNDA:4,(anonymous_19)
FNDA:3,(anonymous_20)
FNDA:0,(anonymous_21)
FNDA:1,(anonymous_22)
FNDA:1,(anonymous_23)
FNDA:1,(anonymous_24)
FNDA:1,(anonymous_25)
FNDA:2,(anonymous_26)
FNDA:1,(anonymous_27)
FNDA:20,renderStandings
FNDA:37,(anonymous_29)
FNDA:56,(anonymous_30)
FNDA:1,renderTeamStats
FNDA:4,(anonymous_32)
FNDA:3,(anonymous_33)
FNDA:0,(anonymous_34)
FNDA:0,(anonymous_35)
FNDA:0,(anonymous_36)
FNDA:1,renderPlayoffRace
FNDA:0,(anonymous_38)
FNDA:0,(anonymous_39)
FNDA:0,(anonymous_40)
FNDA:0,(anonymous_41)
FNDA:0,(anonymous_42)
FNDA:0,(anonymous_43)
FNDA:2,(anonymous_44)
FNDA:0,(anonymous_45)
FNDA:1,renderRankings
FNDA:6,(anonymous_47)
FNDA:18,(anonymous_48)
DA:106,45
DA:107,45
DA:108,45
DA:109,45
DA:112,45
DA:115,45
DA:117,45
DA:118,37
DA:126,37
DA:129,45
DA:130,6
DA:133,45
DA:134,6
DA:137,45
DA:141,150
DA:144,45
DA:145,20
DA:146,20
DA:148,20
DA:152,20
DA:153,20
DA:155,20
DA:158,20
DA:162,19
DA:163,1
DA:167,1
DA:170,18
DA:172,18
DA:177,18
DA:179,2
DA:180,2
DA:184,20
DA:188,45
DA:189,20
DA:194,20
DA:197,45
DA:198,46
DA:199,6
DA:200,6
DA:203,45
DA:204,1
DA:205,1
DA:206,3
DA:209,0
DA:210,0
DA:211,0
DA:215,45
DA:216,1
DA:217,1
DA:219,4
DA:220,4
DA:221,4
DA:223,4
DA:225,4
DA:228,4
DA:231,4
DA:232,4
DA:233,4
DA:234,4
DA:237,3
DA:238,3
DA:239,3
DA:240,3
DA:241,3
DA:242,3
DA:243,3
DA:244,3
DA:249,45
DA:268,0
DA:273,0
DA:282,1
DA:287,1
DA:296,1
DA:301,1
DA:310,1
DA:315,1
DA:329,1
DA:334,1
DA:343,2
DA:348,2
DA:357,1
DA:362,1
DA:399,20
DA:402,37
DA:423,56
DA:472,1
DA:482,4
DA:486,3
DA:487,3
DA:488,3
DA:489,3
DA:490,3
DA:491,3
DA:492,3
DA:493,3
DA:494,3
DA:495,3
DA:496,3
DA:497,3
DA:498,3
DA:499,0
DA:502,3
DA:507,0
DA:510,0
DA:511,0
DA:512,0
DA:672,1
DA:673,1
DA:674,0
DA:675,0
DA:679,1
DA:680,0
DA:681,0
DA:686,1
DA:687,2
DA:706,0
DA:710,0
DA:714,0
DA:761,1
DA:791,1
DA:793,1
DA:804,6
DA:808,18
DA:809,18
DA:811,3
DA:812,3
DA:814,3
DA:815,3
DA:817,3
DA:818,3
DA:820,3
DA:821,3
DA:823,3
DA:824,3
DA:827,3
DA:830,3
DA:831,3
DA:832,3
DA:833,3
DA:834,3
DA:836,0
DA:838,3
DA:842,18
DA:858,1
LF:144
LH:126
BRDA:126,0,0,37
BRDA:126,0,1,0
BRDA:130,1,0,3
BRDA:130,1,1,3
BRDA:130,2,0,6
BRDA:130,2,1,6
BRDA:162,3,0,1
BRDA:162,3,1,18
BRDA:181,4,0,2
BRDA:181,4,1,0
BRDA:198,5,0,40
BRDA:198,5,1,6
BRDA:233,6,0,0
BRDA:233,6,1,4
BRDA:233,7,0,4
BRDA:233,7,1,4
BRDA:241,8,0,0
BRDA:241,8,1,3
BRDA:241,9,0,3
BRDA:241,9,1,3
BRDA:241,9,2,3
BRDA:241,9,3,3
BRDA:266,10,0,42
BRDA:266,10,1,3
BRDA:280,11,0,1
BRDA:280,11,1,44
BRDA:294,12,0,1
BRDA:294,12,1,44
BRDA:308,13,0,1
BRDA:308,13,1,44
BRDA:324,14,0,45
BRDA:324,14,1,42
BRDA:327,15,0,39
BRDA:327,15,1,3
BRDA:341,16,0,2
BRDA:341,16,1,40
BRDA:355,17,0,1
BRDA:355,17,1,41
BRDA:371,18,0,20
BRDA:371,18,1,25
BRDA:373,19,0,2
BRDA:373,19,1,23
BRDA:377,20,0,23
BRDA:377,20,1,20
BRDA:378,21,0,23
BRDA:378,21,1,1
BRDA:379,22,0,23
BRDA:379,22,1,1
BRDA:380,23,0,23
BRDA:380,23,1,1
BRDA:386,24,0,45
BRDA:386,24,1,42
BRDA:425,25,0,0
BRDA:425,25,1,56
BRDA:428,26,0,56
BRDA:428,26,1,0
BRDA:441,27,0,37
BRDA:441,27,1,19
BRDA:452,28,0,56
BRDA:452,28,1,0
BRDA:457,29,0,56
BRDA:457,29,1,0
BRDA:507,30,0,0
BRDA:507,30,1,0
BRDA:510,31,0,0
BRDA:510,31,1,0
BRDA:510,32,0,0
BRDA:510,32,1,0
BRDA:512,33,0,0
BRDA:512,33,1,0
BRDA:522,34,0,3
BRDA:522,34,1,0
BRDA:531,35,0,0
BRDA:531,35,1,3
BRDA:534,36,0,3
BRDA:534,36,1,0
BRDA:539,37,0,0
BRDA:539,37,1,0
BRDA:547,38,0,0
BRDA:547,38,1,0
BRDA:559,39,0,0
BRDA:559,39,1,0
BRDA:567,40,0,0
BRDA:567,40,1,0
BRDA:579,41,0,0
BRDA:579,41,1,0
BRDA:587,42,0,0
BRDA:587,42,1,0
BRDA:599,43,0,0
BRDA:599,43,1,0
BRDA:607,44,0,0
BRDA:607,44,1,0
BRDA:619,45,0,0
BRDA:619,45,1,0
BRDA:628,46,0,0
BRDA:628,46,1,0
BRDA:640,47,0,0
BRDA:640,47,1,0
BRDA:644,48,0,0
BRDA:644,48,1,0
BRDA:644,49,0,0
BRDA:644,49,1,0
BRDA:650,50,0,0
BRDA:650,50,1,0
BRDA:675,51,0,0
BRDA:675,51,1,0
BRDA:681,52,0,0
BRDA:681,52,1,0
BRDA:706,53,0,0
BRDA:706,53,1,0
BRDA:706,53,2,0
BRDA:706,53,3,0
BRDA:710,54,0,0
BRDA:710,54,1,0
BRDA:710,54,2,0
BRDA:717,55,0,0
BRDA:717,55,1,0
BRDA:717,56,0,0
BRDA:717,56,1,0
BRDA:717,57,0,0
BRDA:717,57,1,0
BRDA:720,58,0,0
BRDA:720,58,1,0
BRDA:731,59,0,0
BRDA:731,59,1,0
BRDA:734,60,0,0
BRDA:734,60,1,0
BRDA:734,61,0,0
BRDA:734,61,1,0
BRDA:736,62,0,0
BRDA:736,62,1,0
BRDA:738,63,0,0
BRDA:738,63,1,0
BRDA:740,64,0,0
BRDA:740,64,1,0
BRDA:742,65,0,0
BRDA:742,65,1,0
BRDA:748,66,0,0
BRDA:748,66,1,0
BRDA:750,67,0,0
BRDA:750,67,1,0
BRDA:809,68,0,3
BRDA:809,68,1,3
BRDA:809,68,2,3
BRDA:809,68,3,3
BRDA:809,68,4,3
BRDA:809,68,5,3
BRDA:820,69,0,3
BRDA:820,69,1,0
BRDA:824,70,0,3
BRDA:824,70,1,0
BRDA:832,71,0,3
BRDA:832,71,1,0
BRDA:832,72,0,3
BRDA:832,72,1,3
BRDA:834,73,0,2
BRDA:834,73,1,1
BRDA:847,74,0,3
BRDA:847,74,1,15
BRDA:847,75,0,18
BRDA:847,75,1,3
BRDA:847,76,0,0
BRDA:847,76,1,15
BRF:163
BRH:75
end_of_record
TN:
SF:src/components/ui/PageTransition.css
FNF:0
FNH:0
LF:0
LH:0
BRF:0
BRH:0
end_of_record
TN:
SF:src/components/ui/PageTransition.tsx
FN:9,(anonymous_0)
FN:16,(anonymous_1)
FN:22,(anonymous_2)
FNF:3
FNH:2
FNDA:54,(anonymous_0)
FNDA:45,(anonymous_1)
FNDA:0,(anonymous_2)
DA:9,2
DA:10,54
DA:11,54
DA:12,54
DA:16,54
DA:17,45
DA:18,9
DA:22,54
DA:23,0
DA:24,0
DA:25,0
DA:29,54
LF:12
LH:9
BRDA:17,0,0,9
BRDA:17,0,1,36
BRDA:23,1,0,0
BRDA:23,1,1,0
BRF:4
BRH:2
end_of_record
TN:
SF:src/components/ui/Resume.tsx
FN:7,Resume
FNF:1
FNH:1
FNDA:17,Resume
DA:8,17
DA:10,17
LF:2
LH:2
BRF:0
BRH:0
end_of_record
TN:
SF:src/components/ui/ResumeContent.tsx
FN:14,(anonymous_0)
FN:55,(anonymous_1)
FN:56,(anonymous_2)
FN:62,(anonymous_3)
FN:141,(anonymous_4)
FN:143,(anonymous_5)
FN:146,(anonymous_6)
FN:207,(anonymous_7)
FN:237,(anonymous_8)
FN:313,(anonymous_9)
FN:325,(anonymous_10)
FN:336,(anonymous_11)
FNF:12
FNH:12
FNDA:17,(anonymous_0)
FNDA:4,(anonymous_1)
FNDA:31,(anonymous_2)
FNDA:25,(anonymous_3)
FNDA:4,(anonymous_4)
FNDA:4,(anonymous_5)
FNDA:4,(anonymous_6)
FNDA:2,(anonymous_7)
FNDA:2,(anonymous_8)
FNDA:2,(anonymous_9)
FNDA:2,(anonymous_10)
FNDA:2,(anonymous_11)
DA:14,2
DA:21,17
DA:22,12
DA:38,5
DA:39,1
DA:55,4
DA:56,31
DA:57,4
DA:58,4
DA:59,4
DA:60,4
DA:62,4
DA:63,25
DA:66,25
DA:85,0
DA:89,25
DA:100,6
DA:101,6
DA:105,6
DA:106,6
DA:107,6
DA:108,19
DA:110,19
DA:111,4
DA:113,19
DA:118,4
DA:119,4
DA:122,4
DA:125,4
DA:127,4
DA:143,4
DA:145,4
DA:146,4
DA:147,4
DA:149,4
DA:153,0
DA:164,4
DA:165,0
DA:176,4
DA:177,0
DA:179,4
DA:184,4
DA:209,2
DA:215,2
DA:217,2
DA:240,2
DA:273,2
DA:280,2
DA:281,0
DA:286,2
DA:288,0
DA:293,0
DA:300,2
DA:314,2
DA:326,2
DA:337,2
LF:56
LH:49
BRDA:21,0,0,12
BRDA:21,0,1,5
BRDA:38,1,0,1
BRDA:38,1,1,4
BRDA:66,2,0,0
BRDA:66,2,1,25
BRDA:67,3,0,25
BRDA:67,3,1,25
BRDA:67,3,2,25
BRDA:67,3,3,25
BRDA:67,3,4,25
BRDA:67,3,5,25
BRDA:67,3,6,25
BRDA:67,3,7,25
BRDA:67,3,8,25
BRDA:67,3,9,25
BRDA:67,3,10,25
BRDA:67,3,11,25
BRDA:67,3,12,25
BRDA:67,3,13,25
BRDA:67,3,14,25
BRDA:67,3,15,25
BRDA:67,3,16,25
BRDA:89,4,0,6
BRDA:89,4,1,19
BRDA:90,5,0,25
BRDA:90,5,1,24
BRDA:90,5,2,24
BRDA:90,5,3,23
BRDA:90,5,4,22
BRDA:90,5,5,21
BRDA:90,5,6,20
BRDA:90,5,7,19
BRDA:100,6,0,6
BRDA:100,6,1,0
BRDA:100,7,0,6
BRDA:100,7,1,6
BRDA:108,8,0,19
BRDA:108,8,1,0
BRDA:110,9,0,4
BRDA:110,9,1,15
BRDA:110,10,0,19
BRDA:110,10,1,8
BRDA:118,11,0,4
BRDA:118,11,1,0
BRDA:118,12,0,4
BRDA:118,12,1,4
BRDA:138,13,0,4
BRDA:138,13,1,0
BRDA:149,14,0,0
BRDA:149,14,1,4
BRDA:150,15,0,4
BRDA:150,15,1,4
BRDA:164,16,0,0
BRDA:164,16,1,4
BRDA:176,17,0,0
BRDA:176,17,1,4
BRDA:176,18,0,4
BRDA:176,18,1,4
BRDA:189,19,0,17
BRDA:189,19,1,1
BRDA:196,20,0,17
BRDA:196,20,1,0
BRDA:203,21,0,17
BRDA:203,21,1,1
BRDA:219,22,0,0
BRDA:219,22,1,2
BRDA:219,23,0,2
BRDA:219,23,1,2
BRDA:234,24,0,17
BRDA:234,24,1,1
BRDA:240,25,0,2
BRDA:240,25,1,0
BRDA:240,25,2,0
BRDA:240,25,3,0
BRDA:240,25,4,0
BRDA:240,25,5,0
BRDA:240,25,6,0
BRDA:240,25,7,0
BRDA:240,25,8,0
BRDA:240,25,9,0
BRDA:240,25,10,0
BRDA:240,25,11,0
BRDA:240,25,12,0
BRDA:240,25,13,0
BRDA:240,25,14,0
BRDA:240,25,15,0
BRDA:240,25,16,0
BRDA:240,25,17,0
BRDA:240,25,18,0
BRDA:240,25,19,0
BRDA:240,25,20,0
BRDA:240,25,21,0
BRDA:240,25,22,0
BRDA:240,25,23,0
BRDA:240,25,24,0
BRDA:240,25,25,0
BRDA:240,25,26,0
BRDA:240,25,27,0
BRDA:240,25,28,0
BRDA:240,25,29,0
BRDA:273,26,0,2
BRDA:273,26,1,2
BRDA:273,26,2,2
BRDA:273,26,3,2
BRDA:273,26,4,2
BRDA:273,26,5,2
BRDA:280,27,0,0
BRDA:280,27,1,2
BRDA:286,28,0,0
BRDA:286,28,1,2
BRDA:310,29,0,17
BRDA:310,29,1,1
BRDA:321,30,0,17
BRDA:321,30,1,1
BRDA:332,31,0,17
BRDA:332,31,1,1
BRDA:344,32,0,17
BRDA:344,32,1,0
BRF:119
BRH:77
end_of_record
TN:
SF:src/components/ui/SEO.tsx
FN:6,(anonymous_0)
FNF:1
FNH:1
FNDA:265,(anonymous_0)
DA:6,23
DA:16,265
DA:20,265
DA:21,265
DA:23,265
LF:5
LH:5
BRDA:7,0,0,265
BRDA:8,1,0,265
BRDA:9,2,0,265
BRDA:10,3,0,265
BRDA:11,4,0,265
BRDA:12,5,0,265
BRDA:13,6,0,265
BRDA:14,7,0,265
BRDA:20,8,0,12
BRDA:20,8,1,253
BRDA:21,9,0,1
BRDA:21,9,1,264
BRDA:54,10,0,265
BRDA:54,10,1,2
BRF:14
BRH:14
end_of_record
TN:
SF:src/components/ui/StudyGuide.tsx
FN:110,StudyGuide
FN:118,(anonymous_1)
FN:125,(anonymous_2)
FN:128,(anonymous_3)
FN:139,(anonymous_4)
FN:147,(anonymous_5)
FN:154,(anonymous_6)
FN:161,(anonymous_7)
FN:206,(anonymous_8)
FN:212,(anonymous_9)
FN:218,(anonymous_10)
FN:225,(anonymous_11)
FN:229,(anonymous_12)
FN:230,(anonymous_13)
FN:263,(anonymous_14)
FN:281,(anonymous_15)
FN:293,(anonymous_16)
FN:306,(anonymous_17)
FNF:18
FNH:17
FNDA:40,StudyGuide
FNDA:19,(anonymous_1)
FNDA:560,(anonymous_2)
FNDA:13,(anonymous_3)
FNDA:4,(anonymous_4)
FNDA:1,(anonymous_5)
FNDA:1,(anonymous_6)
FNDA:4,(anonymous_7)
FNDA:1,(anonymous_8)
FNDA:1,(anonymous_9)
FNDA:1,(anonymous_10)
FNDA:322,(anonymous_11)
FNDA:13,(anonymous_12)
FNDA:0,(anonymous_13)
FNDA:1,(anonymous_14)
FNDA:3,(anonymous_15)
FNDA:32,(anonymous_16)
FNDA:32,(anonymous_17)
DA:23,2
DA:111,40
DA:112,40
DA:113,40
DA:114,40
DA:118,40
DA:119,19
DA:124,40
DA:125,560
DA:128,40
DA:129,13
DA:130,13
DA:131,13
DA:132,13
DA:139,40
DA:140,4
DA:141,4
DA:147,40
DA:148,1
DA:149,0
DA:150,0
DA:154,40
DA:155,1
DA:156,0
DA:157,0
DA:161,40
DA:162,4
DA:164,4
DA:166,1
DA:167,1
DA:169,1
DA:170,1
DA:172,1
DA:173,1
DA:174,1
DA:176,1
DA:177,1
DA:178,1
DA:182,40
DA:184,40
DA:206,1
DA:212,1
DA:218,1
DA:226,322
DA:229,13
DA:231,0
DA:232,0
DA:264,1
DA:265,1
DA:282,3
DA:283,1
DA:294,32
DA:307,32
LF:53
LH:47
BRDA:125,0,0,560
BRDA:125,0,1,28
BRDA:148,1,0,0
BRDA:148,1,1,1
BRDA:148,2,0,1
BRDA:148,2,1,1
BRDA:155,3,0,0
BRDA:155,3,1,1
BRDA:162,4,0,0
BRDA:162,4,1,4
BRDA:164,5,0,1
BRDA:164,5,1,1
BRDA:164,5,2,1
BRDA:164,5,3,1
BRDA:201,6,0,24
BRDA:201,6,1,16
BRDA:205,7,0,22
BRDA:205,7,1,2
BRDA:211,8,0,1
BRDA:211,8,1,23
BRDA:217,9,0,1
BRDA:217,9,1,23
BRDA:231,10,0,0
BRDA:231,10,1,0
BRDA:231,11,0,0
BRDA:231,11,1,0
BRDA:276,12,0,16
BRDA:276,12,1,16
BRDA:279,13,0,3
BRDA:279,13,1,13
BRDA:282,14,0,1
BRDA:282,14,1,2
BRDA:282,15,0,3
BRDA:282,15,1,3
BRDA:329,16,0,3
BRDA:329,16,1,13
BRDA:335,17,0,16
BRDA:335,17,1,16
BRF:38
BRH:31
end_of_record
TN:
SF:src/components/ui/Weather.tsx
FN:72,(anonymous_0)
FN:99,ForecastDisplay
FN:100,(anonymous_2)
FN:109,(anonymous_3)
FN:115,(anonymous_4)
FN:126,(anonymous_5)
FN:156,WeatherDisplay
FN:157,(anonymous_7)
FN:164,(anonymous_8)
FN:186,(anonymous_9)
FN:192,(anonymous_10)
FN:323,Weather
FN:357,(anonymous_12)
FN:361,(anonymous_13)
FN:370,(anonymous_14)
FN:372,(anonymous_15)
FN:373,(anonymous_16)
FN:377,(anonymous_17)
FN:391,(anonymous_18)
FN:489,(anonymous_19)
FN:513,(anonymous_20)
FN:600,(anonymous_21)
FN:623,(anonymous_22)
FN:672,(anonymous_23)
FN:674,(anonymous_24)
FN:700,(anonymous_25)
FN:715,(anonymous_26)
FN:732,(anonymous_27)
FN:763,(anonymous_28)
FN:765,executedFunction
FN:766,(anonymous_30)
FN:776,(anonymous_31)
FN:780,(anonymous_32)
FN:786,(anonymous_33)
FN:809,(anonymous_34)
FN:849,(anonymous_35)
FN:854,(anonymous_36)
FN:856,(anonymous_37)
FN:869,(anonymous_38)
FN:873,(anonymous_39)
FN:874,(anonymous_40)
FN:879,(anonymous_41)
FN:914,(anonymous_42)
FN:929,(anonymous_43)
FN:947,(anonymous_44)
FN:954,(anonymous_45)
FN:961,(anonymous_46)
FNF:47
FNH:37
FNDA:2,(anonymous_0)
FNDA:3,ForecastDisplay
FNDA:7,(anonymous_2)
FNDA:14,(anonymous_3)
FNDA:14,(anonymous_4)
FNDA:7,(anonymous_5)
FNDA:38,WeatherDisplay
FNDA:4,(anonymous_7)
FNDA:2,(anonymous_8)
FNDA:80,(anonymous_9)
FNDA:80,(anonymous_10)
FNDA:84,Weather
FNDA:35,(anonymous_12)
FNDA:59,(anonymous_13)
FNDA:59,(anonymous_14)
FNDA:59,(anonymous_15)
FNDA:59,(anonymous_16)
FNDA:59,(anonymous_17)
FNDA:76,(anonymous_18)
FNDA:37,(anonymous_19)
FNDA:37,(anonymous_20)
FNDA:37,(anonymous_21)
FNDA:37,(anonymous_22)
FNDA:30,(anonymous_23)
FNDA:30,(anonymous_24)
FNDA:5,(anonymous_25)
FNDA:2,(anonymous_26)
FNDA:0,(anonymous_27)
FNDA:28,(anonymous_28)
FNDA:7,executedFunction
FNDA:2,(anonymous_30)
FNDA:28,(anonymous_31)
FNDA:7,(anonymous_32)
FNDA:0,(anonymous_33)
FNDA:2,(anonymous_34)
FNDA:0,(anonymous_35)
FNDA:0,(anonymous_36)
FNDA:0,(anonymous_37)
FNDA:0,(anonymous_38)
FNDA:0,(anonymous_39)
FNDA:0,(anonymous_40)
FNDA:0,(anonymous_41)
FNDA:1,(anonymous_42)
FNDA:3,(anonymous_43)
FNDA:0,(anonymous_44)
FNDA:1,(anonymous_45)
FNDA:1,(anonymous_46)
DA:72,2
DA:79,2
DA:80,0
DA:81,2
DA:82,2
DA:85,0
DA:89,2
DA:90,0
DA:91,2
DA:92,0
DA:95,2
DA:100,3
DA:101,7
DA:102,7
DA:109,3
DA:110,14
DA:111,0
DA:112,0
DA:115,3
DA:116,14
DA:117,0
DA:119,14
DA:122,3
DA:127,7
DA:157,38
DA:158,4
DA:164,38
DA:165,2
DA:183,2
DA:186,38
DA:187,80
DA:188,4
DA:189,2
DA:192,38
DA:193,80
DA:194,2
DA:196,78
DA:199,38
DA:324,84
DA:342,84
DA:343,84
DA:344,84
DA:345,84
DA:346,84
DA:347,84
DA:348,84
DA:351,84
DA:354,84
DA:355,84
DA:357,84
DA:360,35
DA:362,59
DA:363,59
DA:364,59
DA:365,59
DA:370,59
DA:372,59
DA:373,59
DA:377,59
DA:391,84
DA:392,76
DA:395,76
DA:396,76
DA:398,4
DA:399,2
DA:402,2
DA:408,72
DA:409,76
DA:410,0
DA:414,72
DA:415,72
DA:416,72
DA:417,2
DA:418,2
DA:421,2
DA:476,2
DA:477,2
DA:481,0
DA:485,70
DA:488,84
DA:490,37
DA:491,37
DA:493,37
DA:494,37
DA:501,37
DA:503,37
DA:505,37
DA:508,37
DA:509,37
DA:511,37
DA:514,37
DA:519,36
DA:520,1
DA:521,1
DA:526,1
DA:530,0
DA:535,0
DA:538,35
DA:541,35
DA:542,35
DA:543,35
DA:544,35
DA:545,0
DA:546,0
DA:547,0
DA:548,0
DA:552,35
DA:556,35
DA:566,37
DA:584,37
DA:586,2
DA:587,2
DA:593,37
DA:599,84
DA:601,37
DA:602,37
DA:604,37
DA:605,37
DA:612,37
DA:613,37
DA:615,37
DA:618,37
DA:619,37
DA:621,37
DA:624,37
DA:629,36
DA:630,1
DA:631,1
DA:636,1
DA:640,0
DA:645,0
DA:648,35
DA:649,35
DA:651,35
DA:658,35
DA:659,35
DA:661,2
DA:662,2
DA:666,37
DA:672,84
DA:674,30
DA:675,30
DA:680,30
DA:681,30
DA:686,30
DA:692,30
DA:693,30
DA:694,30
DA:697,30
DA:700,84
DA:701,5
DA:702,5
DA:703,5
DA:709,5
DA:710,5
DA:711,5
DA:715,84
DA:716,2
DA:717,1
DA:718,1
DA:719,1
DA:722,1
DA:723,1
DA:724,1
DA:725,1
DA:727,1
DA:729,1
DA:730,0
DA:731,0
DA:732,0
DA:733,0
DA:734,0
DA:735,0
DA:737,0
DA:738,0
DA:740,0
DA:747,0
DA:748,0
DA:750,0
DA:751,0
DA:754,1
DA:755,1
DA:756,1
DA:758,1
DA:763,84
DA:765,28
DA:766,7
DA:767,2
DA:768,2
DA:770,7
DA:771,7
DA:775,84
DA:776,28
DA:780,84
DA:781,7
DA:782,7
DA:783,7
DA:786,84
DA:793,0
DA:794,0
DA:795,0
DA:796,0
DA:797,0
DA:800,0
DA:801,0
DA:802,0
DA:805,0
DA:806,0
DA:809,84
DA:812,2
DA:819,2
DA:821,2
DA:822,2
DA:823,2
DA:827,84
DA:850,0
DA:851,0
DA:856,0
DA:870,0
DA:873,0
DA:875,0
DA:876,0
DA:879,0
DA:915,1
DA:921,1
DA:930,3
DA:936,3
DA:947,0
DA:954,1
DA:961,1
LF:230
LH:181
BRDA:79,0,0,0
BRDA:79,0,1,2
BRDA:81,1,0,2
BRDA:81,1,1,0
BRDA:89,2,0,0
BRDA:89,2,1,2
BRDA:91,3,0,0
BRDA:91,3,1,2
BRDA:110,4,0,14
BRDA:110,4,1,0
BRDA:111,5,0,0
BRDA:111,5,1,0
BRDA:116,6,0,0
BRDA:116,6,1,14
BRDA:187,7,0,76
BRDA:187,7,1,4
BRDA:188,8,0,2
BRDA:188,8,1,2
BRDA:193,9,0,2
BRDA:193,9,1,78
BRDA:202,10,0,38
BRDA:202,10,1,5
BRDA:213,11,0,38
BRDA:213,11,1,38
BRDA:221,12,0,38
BRDA:221,12,1,38
BRDA:230,13,0,38
BRDA:230,13,1,2
BRDA:230,13,2,2
BRDA:245,14,0,38
BRDA:245,14,1,38
BRDA:252,15,0,38
BRDA:252,15,1,38
BRDA:257,16,0,38
BRDA:257,16,1,38
BRDA:269,17,0,38
BRDA:269,17,1,2
BRDA:273,18,0,2
BRDA:273,18,1,0
BRDA:279,19,0,38
BRDA:279,19,1,2
BRDA:286,20,0,38
BRDA:286,20,1,36
BRDA:286,20,2,2
BRDA:292,21,0,2
BRDA:292,21,1,2
BRDA:299,22,0,2
BRDA:299,22,1,2
BRDA:310,23,0,38
BRDA:310,23,1,38
BRDA:314,24,0,0
BRDA:314,24,1,38
BRDA:315,25,0,38
BRDA:315,25,1,0
BRDA:363,26,0,59
BRDA:363,26,1,0
BRDA:396,27,0,4
BRDA:396,27,1,72
BRDA:398,28,0,2
BRDA:398,28,1,2
BRDA:408,29,0,72
BRDA:408,29,1,70
BRDA:409,30,0,0
BRDA:409,30,1,76
BRDA:416,31,0,2
BRDA:416,31,1,70
BRDA:476,32,0,2
BRDA:476,32,1,0
BRDA:508,33,0,1
BRDA:508,33,1,36
BRDA:519,34,0,1
BRDA:519,34,1,35
BRDA:520,35,0,1
BRDA:520,35,1,0
BRDA:545,36,0,0
BRDA:545,36,1,0
BRDA:547,37,0,0
BRDA:547,37,1,0
BRDA:547,38,0,0
BRDA:547,38,1,0
BRDA:547,38,2,0
BRDA:588,39,0,2
BRDA:588,39,1,0
BRDA:618,40,0,1
BRDA:618,40,1,36
BRDA:629,41,0,1
BRDA:629,41,1,35
BRDA:630,42,0,1
BRDA:630,42,1,0
BRDA:663,43,0,2
BRDA:663,43,1,0
BRDA:702,44,0,5
BRDA:702,44,1,0
BRDA:716,45,0,1
BRDA:716,45,1,1
BRDA:716,46,0,2
BRDA:716,46,1,1
BRDA:730,47,0,0
BRDA:730,47,1,0
BRDA:734,48,0,0
BRDA:734,48,1,0
BRDA:737,49,0,0
BRDA:737,49,1,0
BRDA:794,50,0,0
BRDA:794,50,1,0
BRDA:794,51,0,0
BRDA:794,51,1,0
BRDA:796,52,0,0
BRDA:796,52,1,0
BRDA:821,53,0,2
BRDA:821,53,1,0
BRDA:850,54,0,0
BRDA:850,54,1,0
BRDA:864,55,0,84
BRDA:864,55,1,0
BRDA:864,55,2,0
BRDA:875,56,0,0
BRDA:875,56,1,0
BRDA:875,57,0,0
BRDA:875,57,1,0
BRDA:888,58,0,84
BRDA:888,58,1,0
BRDA:895,59,0,84
BRDA:895,59,1,43
BRDA:898,60,0,41
BRDA:898,60,1,43
BRDA:903,61,0,84
BRDA:903,61,1,54
BRDA:913,62,0,81
BRDA:913,62,1,3
BRDA:928,63,0,3
BRDA:928,63,1,81
BRDA:946,64,0,78
BRDA:946,64,1,6
BRDA:953,65,0,3
BRDA:953,65,1,81
BRDA:960,66,0,3
BRDA:960,66,1,81
BRDA:969,67,0,41
BRDA:969,67,1,43
BRDA:971,68,0,2
BRDA:971,68,1,41
BRDA:973,69,0,38
BRDA:973,69,1,3
BRF:144
BRH:96
end_of_record
TN:
SF:src/components/video/Baseball2.tsx
FN:5,(anonymous_0)
FNF:1
FNH:1
FNDA:6,(anonymous_0)
DA:5,2
DA:6,6
LF:2
LH:2
BRF:0
BRH:0
end_of_record
TN:
SF:src/components/video/BuschLeague.tsx
FN:5,(anonymous_0)
FNF:1
FNH:1
FNDA:6,(anonymous_0)
DA:5,2
DA:6,6
LF:2
LH:2
BRF:0
BRH:0
end_of_record
TN:
SF:src/components/video/Coffee.tsx
FN:5,(anonymous_0)
FNF:1
FNH:1
FNDA:6,(anonymous_0)
DA:5,2
DA:6,6
LF:2
LH:2
BRF:0
BRH:0
end_of_record
TN:
SF:src/components/video/DealWithFont.tsx
FN:5,(anonymous_0)
FNF:1
FNH:1
FNDA:4,(anonymous_0)
DA:5,2
DA:6,4
LF:2
LH:2
BRF:0
BRH:0
end_of_record
TN:
SF:src/components/video/DealWithIt.tsx
FN:5,(anonymous_0)
FNF:1
FNH:1
FNDA:4,(anonymous_0)
DA:5,2
DA:6,4
LF:2
LH:2
BRF:0
BRH:0
end_of_record
TN:
SF:src/components/video/DealWithWord.tsx
FN:5,(anonymous_0)
FNF:1
FNH:1
FNDA:4,(anonymous_0)
DA:5,2
DA:6,4
LF:2
LH:2
BRF:0
BRH:0
end_of_record
TN:
SF:src/components/video/Dynomite.tsx
FN:5,(anonymous_0)
FNF:1
FNH:1
FNDA:6,(anonymous_0)
DA:5,2
DA:6,6
LF:2
LH:2
BRF:0
BRH:0
end_of_record
TN:
SF:src/components/video/GangamStyle.tsx
FN:5,(anonymous_0)
FNF:1
FNH:1
FNDA:4,(anonymous_0)
DA:5,2
DA:6,4
LF:2
LH:2
BRF:0
BRH:0
end_of_record
TN:
SF:src/components/video/Gangnam1.tsx
FN:5,(anonymous_0)
FNF:1
FNH:0
FNDA:0,(anonymous_0)
DA:5,0
DA:6,0
LF:2
LH:0
BRF:0
BRH:0
end_of_record
TN:
SF:src/components/video/Hacking.tsx
FN:5,(anonymous_0)
FNF:1
FNH:1
FNDA:4,(anonymous_0)
DA:5,2
DA:6,4
LF:2
LH:2
BRF:0
BRH:0
end_of_record
TN:
SF:src/components/video/JobWellDone.tsx
FN:5,(anonymous_0)
FNF:1
FNH:1
FNDA:6,(anonymous_0)
DA:5,2
DA:6,6
LF:2
LH:2
BRF:0
BRH:0
end_of_record
TN:
SF:src/components/video/KingKong.tsx
FN:5,(anonymous_0)
FNF:1
FNH:1
FNDA:6,(anonymous_0)
DA:5,2
DA:6,6
LF:2
LH:2
BRF:0
BRH:0
end_of_record
TN:
SF:src/components/video/Mishap.tsx
FN:5,(anonymous_0)
FNF:1
FNH:1
FNDA:6,(anonymous_0)
DA:5,2
DA:6,6
LF:2
LH:2
BRF:0
BRH:0
end_of_record
TN:
SF:src/components/video/Peloton.tsx
FN:5,(anonymous_0)
FNF:1
FNH:1
FNDA:6,(anonymous_0)
DA:5,2
DA:6,6
LF:2
LH:2
BRF:0
BRH:0
end_of_record
TN:
SF:src/components/video/Seeya.tsx
FN:5,(anonymous_0)
FNF:1
FNH:1
FNDA:6,(anonymous_0)
DA:5,2
DA:6,6
LF:2
LH:2
BRF:0
BRH:0
end_of_record
TN:
SF:src/components/video/Shorts.css
FNF:0
FNH:0
LF:0
LH:0
BRF:0
BRH:0
end_of_record
TN:
SF:src/components/video/Shorts.tsx
FN:16,(anonymous_0)
FN:57,(anonymous_1)
FN:62,(anonymous_2)
FN:80,(anonymous_3)
FN:85,(anonymous_4)
FN:88,(anonymous_5)
FNF:6
FNH:2
FNDA:7,(anonymous_0)
FNDA:0,(anonymous_1)
FNDA:0,(anonymous_2)
FNDA:126,(anonymous_3)
FNDA:0,(anonymous_4)
FNDA:0,(anonymous_5)
DA:16,2
DA:17,7
DA:18,7
DA:20,7
DA:57,7
DA:58,0
DA:59,0
DA:62,7
DA:63,0
DA:64,0
DA:67,7
DA:81,126
DA:85,0
DA:89,0
DA:90,0
DA:91,0
LF:16
LH:8
BRDA:89,0,0,0
BRDA:89,0,1,0
BRDA:89,1,0,0
BRDA:89,1,1,0
BRDA:116,2,0,7
BRDA:116,2,1,0
BRF:6
BRH:1
end_of_record
TN:
SF:src/components/video/ThumbsUp.tsx
FN:5,(anonymous_0)
FNF:1
FNH:1
FNDA:6,(anonymous_0)
DA:5,2
DA:6,6
LF:2
LH:2
BRF:0
BRH:0
end_of_record
TN:
SF:src/components/video/VideoModal.tsx
FN:13,(anonymous_0)
FN:21,(anonymous_1)
FN:22,(anonymous_2)
FN:44,(anonymous_3)
FN:66,(anonymous_4)
FN:72,(anonymous_5)
FNF:6
FNH:5
FNDA:104,(anonymous_0)
FNDA:104,(anonymous_1)
FNDA:1,(anonymous_2)
FNDA:104,(anonymous_3)
FNDA:2,(anonymous_4)
FNDA:0,(anonymous_5)
DA:13,21
DA:21,104
DA:22,104
DA:23,1
DA:24,1
DA:28,104
DA:30,102
DA:31,102
DA:33,102
DA:37,102
DA:38,102
DA:39,102
DA:40,102
DA:41,102
DA:44,104
DA:45,104
DA:48,104
DA:49,104
DA:51,104
DA:52,104
DA:53,104
DA:54,104
DA:55,104
DA:57,104
DA:58,102
DA:66,104
DA:67,2
DA:68,1
DA:72,104
DA:73,0
DA:74,0
DA:75,0
DA:79,104
DA:82,102
DA:133,102
LF:35
LH:32
BRDA:23,0,0,1
BRDA:23,0,1,0
BRDA:28,1,0,102
BRDA:28,1,1,2
BRDA:57,2,0,102
BRDA:57,2,1,2
BRDA:59,3,0,102
BRDA:59,3,1,102
BRDA:59,4,0,102
BRDA:59,4,1,0
BRDA:60,5,0,102
BRDA:60,5,1,102
BRDA:60,6,0,102
BRDA:60,6,1,0
BRDA:67,7,0,1
BRDA:67,7,1,1
BRDA:73,8,0,0
BRDA:73,8,1,0
BRDA:73,9,0,0
BRDA:73,9,1,0
BRDA:79,10,0,2
BRDA:79,10,1,102
BRF:22
BRH:15
end_of_record
TN:
SF:src/components/video/VideoPage.tsx
FN:16,(anonymous_0)
FN:25,(anonymous_1)
FN:28,(anonymous_2)
FNF:3
FNH:1
FNDA:95,(anonymous_0)
FNDA:0,(anonymous_1)
FNDA:0,(anonymous_2)
DA:16,19
DA:22,95
DA:23,95
DA:25,95
DA:26,0
DA:28,0
DA:29,0
DA:34,95
DA:36,95
LF:9
LH:6
BRDA:34,0,0,95
BRDA:34,0,1,95
BRF:2
BRH:2
end_of_record
TN:
SF:src/components/video/Working.tsx
FN:5,(anonymous_0)
FNF:1
FNH:1
FNDA:6,(anonymous_0)
DA:5,2
DA:6,6
LF:2
LH:2
BRF:0
BRH:0
end_of_record
TN:
SF:src/components/video/Wrigley.tsx
FN:5,(anonymous_0)
FNF:1
FNH:1
FNDA:4,(anonymous_0)
DA:5,2
DA:6,4
LF:2
LH:2
BRF:0
BRH:0
end_of_record
TN:
SF:src/config/logging.ts
FN:3,(anonymous_0)
FNF:1
FNH:1
FNDA:53,(anonymous_0)
DA:3,29
DA:4,53
DA:5,53
DA:7,53
DA:8,51
DA:11,2
DA:12,1
DA:15,1
DA:19,29
DA:30,29
DA:41,29
LF:11
LH:11
BRDA:7,0,0,51
BRDA:7,0,1,2
BRDA:11,1,0,1
BRDA:11,1,1,1
BRF:4
BRH:4
end_of_record
TN:
SF:src/data/study-guide/coding/arrays.json
FNF:0
FNH:0
LF:0
LH:0
BRF:0
BRH:0
end_of_record
TN:
SF:src/data/study-guide/coding/dynamic-programming.json
FNF:0
FNH:0
LF:0
LH:0
BRF:0
BRH:0
end_of_record
TN:
SF:src/data/study-guide/coding/graphs.json
FNF:0
FNH:0
LF:0
LH:0
BRF:0
BRH:0
end_of_record
TN:
SF:src/data/study-guide/gcp/case-studies.json
FNF:0
FNH:0
LF:0
LH:0
BRF:0
BRH:0
end_of_record
TN:
SF:src/data/study-guide/gcp/compute-advanced.json
FNF:0
FNH:0
LF:0
LH:0
BRF:0
BRH:0
end_of_record
TN:
SF:src/data/study-guide/gcp/compute.json
FNF:0
FNH:0
LF:0
LH:0
BRF:0
BRH:0
end_of_record
TN:
SF:src/data/study-guide/gcp/data-analytics.json
FNF:0
FNH:0
LF:0
LH:0
BRF:0
BRH:0
end_of_record
TN:
SF:src/data/study-guide/gcp/monitoring-operations.json
FNF:0
FNH:0
LF:0
LH:0
BRF:0
BRH:0
end_of_record
TN:
SF:src/data/study-guide/gcp/networking-advanced.json
FNF:0
FNH:0
LF:0
LH:0
BRF:0
BRH:0
end_of_record
TN:
SF:src/data/study-guide/gcp/networking.json
FNF:0
FNH:0
LF:0
LH:0
BRF:0
BRH:0
end_of_record
TN:
SF:src/data/study-guide/gcp/practice-questions.json
FNF:0
FNH:0
LF:0
LH:0
BRF:0
BRH:0
end_of_record
TN:
SF:src/data/study-guide/gcp/security.json
FNF:0
FNH:0
LF:0
LH:0
BRF:0
BRH:0
end_of_record
TN:
SF:src/data/study-guide/gcp/storage-advanced.json
FNF:0
FNH:0
LF:0
LH:0
BRF:0
BRH:0
end_of_record
TN:
SF:src/data/study-guide/gcp/storage.json
FNF:0
FNH:0
LF:0
LH:0
BRF:0
BRH:0
end_of_record
TN:
SF:src/hooks/useApiRequest.ts
FN:29,(anonymous_0)
FN:47,(anonymous_1)
FN:74,(anonymous_2)
FN:75,(anonymous_3)
FN:86,(anonymous_4)
FN:92,(anonymous_5)
FN:98,(anonymous_6)
FNF:7
FNH:6
FNDA:25,(anonymous_0)
FNDA:13,(anonymous_1)
FNDA:2,(anonymous_2)
FNDA:0,(anonymous_3)
FNDA:12,(anonymous_4)
FNDA:11,(anonymous_5)
FNDA:1,(anonymous_6)
DA:29,1
DA:40,25
DA:42,25
DA:43,25
DA:44,25
DA:45,25
DA:47,25
DA:48,13
DA:49,13
DA:50,13
DA:52,13
DA:53,7
DA:54,7
DA:56,7
DA:57,1
DA:60,6
DA:62,6
DA:65,6
DA:67,6
DA:68,1
DA:72,6
DA:73,6
DA:75,2
DA:81,13
DA:86,25
DA:87,12
DA:92,25
DA:93,11
DA:94,0
DA:98,25
DA:99,1
DA:100,1
DA:103,25
LF:33
LH:32
BRDA:31,0,0,25
BRDA:32,1,0,25
BRDA:35,2,0,25
BRDA:36,3,0,25
BRDA:37,4,0,25
BRDA:38,5,0,25
BRDA:39,6,0,25
BRDA:56,7,0,1
BRDA:56,7,1,6
BRDA:62,8,0,5
BRDA:62,8,1,1
BRDA:67,9,0,1
BRDA:67,9,1,5
BRDA:68,10,0,1
BRDA:68,10,1,0
BRDA:72,11,0,6
BRDA:72,11,1,0
BRDA:93,12,0,0
BRDA:93,12,1,11
BRF:19
BRH:16
end_of_record
TN:
SF:src/hooks/useDateFormatter.ts
FN:23,(anonymous_0)
FN:31,(anonymous_1)
FN:32,(anonymous_2)
FNF:3
FNH:3
FNDA:32,(anonymous_0)
FNDA:32,(anonymous_1)
FNDA:33,(anonymous_2)
DA:23,3
DA:31,32
DA:32,32
DA:33,33
DA:35,30
DA:36,30
DA:38,0
DA:44,0
DA:49,32
LF:9
LH:7
BRDA:24,0,0,32
BRDA:25,1,0,32
BRDA:33,2,0,3
BRDA:33,2,1,30
BRF:4
BRH:4
end_of_record
TN:
SF:src/hooks/useResumeData.ts
FN:12,(anonymous_0)
FN:20,(anonymous_1)
FN:22,(anonymous_2)
FN:43,(anonymous_3)
FNF:4
FNH:4
FNDA:29,(anonymous_0)
FNDA:11,(anonymous_1)
FNDA:11,(anonymous_2)
FNDA:10,(anonymous_3)
DA:12,3
DA:13,29
DA:20,29
DA:21,11
DA:22,11
DA:24,11
DA:26,9
DA:33,2
DA:43,29
DA:44,10
DA:47,29
LF:11
LH:11
BRDA:37,0,0,2
BRDA:37,0,1,0
BRF:2
BRH:1
end_of_record
TN:
SF:src/services/digitalOceanService.ts
FN:200,(anonymous_0)
FN:209,(anonymous_1)
FN:220,(anonymous_2)
FN:254,(anonymous_3)
FN:285,(anonymous_4)
FN:298,(anonymous_5)
FN:318,(anonymous_6)
FN:334,(anonymous_7)
FN:350,(anonymous_8)
FNF:9
FNH:9
FNDA:2,(anonymous_0)
FNDA:10,(anonymous_1)
FNDA:10,(anonymous_2)
FNDA:2,(anonymous_3)
FNDA:2,(anonymous_4)
FNDA:1,(anonymous_5)
FNDA:2,(anonymous_6)
FNDA:2,(anonymous_7)
FNDA:2,(anonymous_8)
DA:201,2
DA:202,2
DA:203,2
DA:210,10
DA:212,10
DA:218,10
DA:221,10
DA:231,5
DA:232,0
DA:238,0
DA:243,5
DA:245,5
DA:251,5
DA:255,2
DA:260,2
DA:261,2
DA:265,1
DA:273,1
DA:275,1
DA:281,1
DA:286,2
DA:290,2
DA:292,2
DA:296,1
DA:298,1
DA:307,1
DA:309,1
DA:314,1
DA:319,2
DA:320,2
DA:323,1
DA:325,1
DA:330,1
DA:335,2
DA:336,2
DA:339,1
DA:341,1
DA:346,1
DA:359,2
DA:360,2
DA:370,1
DA:375,1
LF:42
LH:40
BRDA:231,0,0,0
BRDA:231,0,1,5
BRDA:278,1,0,1
BRDA:278,1,1,0
BRDA:312,2,0,1
BRDA:312,2,1,0
BRDA:328,3,0,1
BRDA:328,3,1,0
BRDA:344,4,0,1
BRDA:344,4,1,0
BRDA:373,5,0,1
BRDA:373,5,1,0
BRF:12
BRH:6
end_of_record
TN:
SF:src/services/githubService.ts
FN:408,(anonymous_0)
FN:414,(anonymous_1)
FN:430,(anonymous_2)
FN:463,(anonymous_3)
FN:480,(anonymous_4)
FN:503,(anonymous_5)
FN:518,(anonymous_6)
FN:529,(anonymous_7)
FN:535,(anonymous_8)
FN:541,(anonymous_9)
FN:553,(anonymous_10)
FN:562,(anonymous_11)
FN:571,(anonymous_12)
FN:580,(anonymous_13)
FN:586,(anonymous_14)
FN:595,(anonymous_15)
FNF:16
FNH:16
FNDA:2,(anonymous_0)
FNDA:16,(anonymous_1)
FNDA:16,(anonymous_2)
FNDA:1,(anonymous_3)
FNDA:1,(anonymous_4)
FNDA:1,(anonymous_5)
FNDA:2,(anonymous_6)
FNDA:1,(anonymous_7)
FNDA:1,(anonymous_8)
FNDA:2,(anonymous_9)
FNDA:1,(anonymous_10)
FNDA:1,(anonymous_11)
FNDA:2,(anonymous_12)
FNDA:1,(anonymous_13)
FNDA:2,(anonymous_14)
FNDA:2,(anonymous_15)
DA:409,2
DA:410,2
DA:411,2
DA:415,16
DA:416,0
DA:417,0
DA:420,16
DA:422,16
DA:428,16
DA:431,16
DA:442,16
DA:443,0
DA:449,0
DA:454,16
DA:460,16
DA:464,1
DA:468,1
DA:470,1
DA:477,1
DA:481,1
DA:488,1
DA:492,1
DA:500,1
DA:504,1
DA:512,1
DA:516,1
DA:518,2
DA:526,1
DA:530,1
DA:536,1
DA:545,2
DA:548,2
DA:557,1
DA:566,1
DA:575,2
DA:581,1
DA:590,2
DA:599,2
LF:38
LH:34
BRDA:415,0,0,0
BRDA:415,0,1,16
BRDA:442,1,0,0
BRDA:442,1,1,16
BRDA:545,2,0,1
BRDA:545,2,1,1
BRDA:573,3,0,2
BRDA:588,4,0,2
BRDA:597,5,0,2
BRF:9
BRH:7
end_of_record
TN:
SF:src/services/googleDocsService.ts
FN:12,(anonymous_0)
FN:55,(anonymous_1)
FNF:2
FNH:2
FNDA:2,(anonymous_0)
FNDA:2,(anonymous_1)
DA:9,2
DA:13,10
DA:15,10
DA:16,10
DA:17,10
DA:18,2
DA:19,2
DA:23,8
DA:27,7
DA:28,4
DA:29,4
DA:35,4
DA:40,3
DA:41,3
DA:42,3
DA:44,5
DA:49,5
DA:56,7
LF:18
LH:18
BRDA:17,0,0,2
BRDA:17,0,1,8
BRDA:27,1,0,4
BRDA:27,1,1,3
BRDA:47,2,0,5
BRDA:47,2,1,0
BRF:6
BRH:5
end_of_record
TN:
SF:src/services/swantronService.ts
FN:7,(anonymous_0)
FN:16,(anonymous_1)
FN:47,(anonymous_2)
FN:79,(anonymous_3)
FN:105,(anonymous_4)
FN:113,(anonymous_5)
FN:138,(anonymous_6)
FN:144,(anonymous_7)
FN:161,(anonymous_8)
FN:171,(anonymous_9)
FN:179,(anonymous_10)
FNF:11
FNH:11
FNDA:24,(anonymous_0)
FNDA:8,(anonymous_1)
FNDA:24,(anonymous_2)
FNDA:24,(anonymous_3)
FNDA:12,(anonymous_4)
FNDA:12,(anonymous_5)
FNDA:4,(anonymous_6)
FNDA:3,(anonymous_7)
FNDA:8,(anonymous_8)
FNDA:18,(anonymous_9)
FNDA:2,(anonymous_10)
DA:7,24
DA:8,24
DA:12,24
DA:16,24
DA:17,8
DA:18,8
DA:42,24
DA:43,24
DA:44,24
DA:47,24
DA:48,24
DA:49,24
DA:50,1
DA:53,23
DA:54,23
DA:56,23
DA:58,20
DA:59,3
DA:62,17
DA:64,17
DA:65,1
DA:69,1
DA:72,16
DA:73,16
DA:75,16
DA:79,24
DA:81,24
DA:82,24
DA:83,1
DA:84,1
DA:87,24
DA:88,8
DA:91,24
DA:104,24
DA:109,12
DA:110,12
DA:113,9
DA:114,12
DA:118,9
DA:119,9
DA:120,9
DA:121,9
DA:122,9
DA:124,9
DA:129,3
DA:134,3
DA:139,4
DA:141,4
DA:144,3
DA:146,2
DA:147,1
DA:150,1
DA:152,3
DA:157,3
DA:166,8
DA:167,8
DA:168,6
DA:171,6
DA:172,18
DA:173,18
DA:174,18
DA:175,18
DA:179,6
DA:180,2
DA:184,6
DA:185,6
DA:186,6
DA:187,6
DA:188,6
DA:190,6
DA:195,2
DA:200,2
LF:72
LH:72
BRDA:18,0,0,1
BRDA:18,0,1,7
BRDA:49,1,0,1
BRDA:49,1,1,23
BRDA:49,2,0,24
BRDA:49,2,1,1
BRDA:58,3,0,3
BRDA:58,3,1,17
BRDA:64,4,0,1
BRDA:64,4,1,16
BRDA:64,5,0,17
BRDA:64,5,1,17
BRDA:82,6,0,1
BRDA:82,6,1,23
BRDA:82,7,0,24
BRDA:82,7,1,16
BRDA:87,8,0,8
BRDA:87,8,1,16
BRDA:98,9,0,24
BRDA:98,9,1,0
BRDA:99,10,0,24
BRDA:99,10,1,0
BRDA:106,11,0,12
BRDA:107,12,0,12
BRDA:132,13,0,3
BRDA:132,13,1,0
BRDA:146,14,0,1
BRDA:146,14,1,1
BRDA:155,15,0,3
BRDA:155,15,1,0
BRDA:163,16,0,8
BRDA:164,17,0,8
BRDA:175,18,0,18
BRDA:175,18,1,14
BRDA:175,18,2,14
BRDA:198,19,0,2
BRDA:198,19,1,0
BRF:37
BRH:32
end_of_record
TN:
SF:src/services/uptimeService.ts
FN:37,(anonymous_0)
FN:41,(anonymous_1)
FN:56,(anonymous_2)
FN:60,(anonymous_3)
FN:74,(anonymous_4)
FN:86,(anonymous_5)
FN:90,(anonymous_6)
FN:93,(anonymous_7)
FN:99,(anonymous_8)
FN:103,(anonymous_9)
FN:109,(anonymous_10)
FN:116,(anonymous_11)
FN:118,(anonymous_12)
FN:155,(anonymous_13)
FN:160,(anonymous_14)
FN:166,(anonymous_15)
FN:173,(anonymous_16)
FN:174,(anonymous_17)
FN:178,(anonymous_18)
FN:182,(anonymous_19)
FN:196,(anonymous_20)
FN:201,(anonymous_21)
FN:202,(anonymous_22)
FN:205,(anonymous_23)
FN:207,(anonymous_24)
FN:211,(anonymous_25)
FNF:26
FNH:15
FNDA:3,(anonymous_0)
FNDA:3,(anonymous_1)
FNDA:0,(anonymous_2)
FNDA:0,(anonymous_3)
FNDA:182,(anonymous_4)
FNDA:0,(anonymous_5)
FNDA:0,(anonymous_6)
FNDA:0,(anonymous_7)
FNDA:182,(anonymous_8)
FNDA:16653,(anonymous_9)
FNDA:0,(anonymous_10)
FNDA:182,(anonymous_11)
FNDA:913,(anonymous_12)
FNDA:182,(anonymous_13)
FNDA:16653,(anonymous_14)
FNDA:2457,(anonymous_15)
FNDA:2457,(anonymous_16)
FNDA:2054,(anonymous_17)
FNDA:2054,(anonymous_18)
FNDA:976,(anonymous_19)
FNDA:11,(anonymous_20)
FNDA:0,(anonymous_21)
FNDA:0,(anonymous_22)
FNDA:0,(anonymous_23)
FNDA:0,(anonymous_24)
FNDA:0,(anonymous_25)
DA:30,3
DA:31,3
DA:32,3
DA:34,3
DA:35,3
DA:38,3
DA:42,3
DA:43,3
DA:44,3
DA:45,0
DA:56,0
DA:60,0
DA:65,0
DA:68,0
DA:69,0
DA:70,0
DA:75,182
DA:76,182
DA:80,182
DA:82,0
DA:87,0
DA:88,0
DA:90,0
DA:92,0
DA:93,0
DA:96,0
DA:100,182
DA:102,182
DA:103,16653
DA:106,182
DA:107,0
DA:108,0
DA:109,0
DA:112,182
DA:113,182
DA:117,182
DA:118,913
DA:121,182
DA:122,156
DA:123,9
DA:124,9
DA:125,9
DA:128,9
DA:134,26
DA:135,9
DA:142,9
DA:144,9
DA:149,17
DA:150,0
DA:156,182
DA:157,182
DA:159,182
DA:161,16653
DA:164,182
DA:165,182
DA:166,2457
DA:170,182
DA:172,182
DA:173,2457
DA:174,2054
DA:177,182
DA:178,2054
DA:181,182
DA:183,976
DA:186,182
DA:197,11
DA:198,11
DA:200,11
DA:201,0
DA:202,0
DA:206,0
DA:207,0
DA:212,0
DA:213,0
DA:214,0
DA:218,3
LF:76
LH:51
BRDA:44,0,0,0
BRDA:44,0,1,3
BRDA:63,1,0,0
BRDA:63,1,1,0
BRDA:106,2,0,0
BRDA:106,2,1,182
BRDA:118,3,0,913
BRDA:118,3,1,135
BRDA:121,4,0,156
BRDA:121,4,1,26
BRDA:122,5,0,9
BRDA:122,5,1,147
BRDA:134,6,0,9
BRDA:134,6,1,17
BRDA:149,7,0,0
BRDA:149,7,1,17
BRDA:155,8,0,182
BRDA:161,9,0,16653
BRDA:161,9,1,2457
BRDA:170,10,0,182
BRDA:170,10,1,0
BRDA:177,11,0,182
BRDA:177,11,1,0
BRDA:183,12,0,976
BRDA:183,12,1,144
BRDA:196,13,0,11
BRDA:205,14,0,0
BRF:27
BRH:19
end_of_record
TN:
SF:src/styles/Chomptron.css
FNF:0
FNH:0
LF:0
LH:0
BRF:0
BRH:0
end_of_record
TN:
SF:src/styles/DigitalOceanStatus.css
FNF:0
FNH:0
LF:0
LH:0
BRF:0
BRH:0
end_of_record
TN:
SF:src/styles/FizzBuzz.css
FNF:0
FNH:0
LF:0
LH:0
BRF:0
BRH:0
end_of_record
TN:
SF:src/styles/GitHubStatus.css
FNF:0
FNH:0
LF:0
LH:0
BRF:0
BRH:0
end_of_record
TN:
SF:src/styles/HealthPage.css
FNF:0
FNH:0
LF:0
LH:0
BRF:0
BRH:0
end_of_record
TN:
SF:src/styles/Hello.css
FNF:0
FNH:0
LF:0
LH:0
BRF:0
BRH:0
end_of_record
TN:
SF:src/styles/IncidentHistory.css
FNF:0
FNH:0
LF:0
LH:0
BRF:0
BRH:0
end_of_record
TN:
SF:src/styles/MLB.css
FNF:0
FNH:0
LF:0
LH:0
BRF:0
BRH:0
end_of_record
TN:
SF:src/styles/Music.css
FNF:0
FNH:0
LF:0
LH:0
BRF:0
BRH:0
end_of_record
TN:
SF:src/styles/MusicPlayer.css
FNF:0
FNH:0
LF:0
LH:0
BRF:0
BRH:0
end_of_record
TN:
SF:src/styles/Resume.css
FNF:0
FNH:0
LF:0
LH:0
BRF:0
BRH:0
end_of_record
TN:
SF:src/styles/ServiceHealth.css
FNF:0
FNH:0
LF:0
LH:0
BRF:0
BRH:0
end_of_record
TN:
SF:src/styles/StudyGuide.css
FNF:0
FNH:0
LF:0
LH:0
BRF:0
BRH:0
end_of_record
TN:
SF:src/styles/SwantronCard.css
FNF:0
FNH:0
LF:0
LH:0
BRF:0
BRH:0
end_of_record
TN:
SF:src/styles/SwantronDetail.css
FNF:0
FNH:0
LF:0
LH:0
BRF:0
BRH:0
end_of_record
TN:
SF:src/styles/SwantronList.css
FNF:0
FNH:0
LF:0
LH:0
BRF:0
BRH:0
end_of_record
TN:
SF:src/styles/Video.css
FNF:0
FNH:0
LF:0
LH:0
BRF:0
BRH:0
end_of_record
TN:
SF:src/styles/VideoModal.css
FNF:0
FNH:0
LF:0
LH:0
BRF:0
BRH:0
end_of_record
TN:
SF:src/styles/Weather.css
FNF:0
FNH:0
LF:0
LH:0
BRF:0
BRH:0
end_of_record
TN:
SF:src/types/logging.ts
FN:1,(anonymous_0)
FNF:1
FNH:1
FNDA:29,(anonymous_0)
DA:1,29
DA:2,29
DA:3,29
DA:4,29
DA:5,29
LF:5
LH:5
BRDA:1,0,0,29
BRDA:1,0,1,29
BRF:2
BRH:2
end_of_record
TN:
SF:src/utils/logger.ts
FN:17,(anonymous_0)
FN:27,(anonymous_1)
FN:31,(anonymous_2)
FN:45,(anonymous_3)
FN:70,(anonymous_4)
FN:94,(anonymous_5)
FN:110,(anonymous_6)
FN:134,(anonymous_7)
FN:164,(anonymous_8)
FN:168,(anonymous_9)
FN:172,(anonymous_10)
FN:176,(anonymous_11)
FN:181,(anonymous_12)
FN:198,(anonymous_13)
FN:206,(anonymous_14)
FN:213,(anonymous_15)
FN:233,(anonymous_16)
FN:257,(anonymous_17)
FNF:18
FNH:18
FNDA:53,(anonymous_0)
FNDA:1091,(anonymous_1)
FNDA:38,(anonymous_2)
FNDA:48,(anonymous_3)
FNDA:52,(anonymous_4)
FNDA:1091,(anonymous_5)
FNDA:19,(anonymous_6)
FNDA:1,(anonymous_7)
FNDA:248,(anonymous_8)
FNDA:581,(anonymous_9)
FNDA:240,(anonymous_10)
FNDA:22,(anonymous_11)
FNDA:10,(anonymous_12)
FNDA:164,(anonymous_13)
FNDA:114,(anonymous_14)
FNDA:114,(anonymous_15)
FNDA:112,(anonymous_16)
FNDA:1,(anonymous_17)
DA:15,53
DA:18,53
DA:19,53
DA:21,53
DA:28,1091
DA:36,38
DA:48,48
DA:50,43
DA:51,11
DA:56,11
DA:57,2
DA:60,11
DA:63,32
DA:64,31
DA:67,1
DA:74,52
DA:75,1
DA:78,51
DA:80,51
DA:81,98
DA:82,21
DA:87,77
DA:91,51
DA:95,1091
DA:97,38
DA:100,38
DA:101,19
DA:105,38
DA:106,1
DA:111,19
DA:112,19
DA:114,19
DA:117,6
DA:118,6
DA:121,8
DA:122,8
DA:125,2
DA:126,2
DA:129,3
DA:130,3
DA:137,1
DA:146,1
DA:154,1
DA:156,1
DA:159,0
DA:165,248
DA:169,581
DA:173,240
DA:177,22
DA:187,10
DA:199,164
DA:207,114
DA:209,4
DA:210,4
DA:214,114
DA:216,4
DA:217,4
DA:218,0
DA:219,0
DA:222,4
DA:223,4
DA:225,4
DA:238,112
DA:239,112
DA:240,112
DA:241,108
DA:245,112
DA:247,4
DA:252,4
DA:258,1
DA:259,1
DA:260,1
DA:261,1
DA:265,1
DA:267,0
DA:272,0
DA:278,29
LF:77
LH:72
BRDA:48,0,0,5
BRDA:48,0,1,43
BRDA:50,1,0,11
BRDA:50,1,1,32
BRDA:56,2,0,2
BRDA:56,2,1,9
BRDA:56,3,0,11
BRDA:56,3,1,2
BRDA:63,4,0,31
BRDA:63,4,1,1
BRDA:63,5,0,32
BRDA:63,5,1,31
BRDA:72,6,0,52
BRDA:74,7,0,1
BRDA:74,7,1,51
BRDA:74,8,0,52
BRDA:74,8,1,0
BRDA:81,9,0,21
BRDA:81,9,1,77
BRDA:81,10,0,98
BRDA:81,10,1,97
BRDA:81,10,2,21
BRDA:95,11,0,1053
BRDA:95,11,1,38
BRDA:100,12,0,19
BRDA:100,12,1,19
BRDA:105,13,0,1
BRDA:105,13,1,37
BRDA:114,14,0,6
BRDA:114,14,1,8
BRDA:114,14,2,2
BRDA:114,14,3,3
BRDA:117,15,0,6
BRDA:117,15,1,2
BRDA:121,16,0,8
BRDA:121,16,1,1
BRDA:125,17,0,2
BRDA:125,17,1,1
BRDA:129,18,0,3
BRDA:129,18,1,1
BRDA:137,19,0,0
BRDA:137,19,1,1
BRDA:137,20,0,1
BRDA:137,20,1,1
BRDA:154,21,0,1
BRDA:154,21,1,0
BRDA:191,22,0,5
BRDA:191,22,1,5
BRDA:191,23,0,10
BRDA:191,23,1,5
BRDA:201,24,0,0
BRDA:201,24,1,164
BRDA:201,25,0,164
BRDA:201,25,1,0
BRDA:207,26,0,110
BRDA:207,26,1,4
BRDA:214,27,0,110
BRDA:214,27,1,4
BRDA:217,28,0,0
BRDA:217,28,1,4
BRDA:228,29,0,3
BRDA:228,29,1,1
BRDA:228,30,0,4
BRDA:228,30,1,3
BRDA:242,31,0,88
BRDA:242,31,1,20
BRDA:242,32,0,108
BRDA:242,32,1,88
BRDA:248,33,0,2
BRDA:248,33,1,2
BRDA:248,34,0,4
BRDA:248,34,1,2
BRDA:250,35,0,4
BRDA:250,35,1,0
BRDA:262,36,0,0
BRDA:262,36,1,1
BRDA:262,37,0,1
BRDA:262,37,1,0
BRDA:268,38,0,0
BRDA:268,38,1,0
BRDA:268,39,0,0
BRDA:268,39,1,0
BRDA:270,40,0,0
BRDA:270,40,1,0
BRF:84
BRH:69
end_of_record
TN:
SF:src/utils/runtimeConfig.ts
FN:23,(anonymous_0)
FN:31,(anonymous_1)
FN:44,(anonymous_2)
FN:60,(anonymous_3)
FN:80,(anonymous_4)
FN:94,(anonymous_5)
FN:105,(anonymous_6)
FN:119,(anonymous_7)
FN:127,(anonymous_8)
FN:134,(anonymous_9)
FNF:10
FNH:7
FNDA:23,(anonymous_0)
FNDA:105,(anonymous_1)
FNDA:1,(anonymous_2)
FNDA:12,(anonymous_3)
FNDA:355,(anonymous_4)
FNDA:276,(anonymous_5)
FNDA:169,(anonymous_6)
FNDA:0,(anonymous_7)
FNDA:0,(anonymous_8)
FNDA:0,(anonymous_9)
DA:24,23
DA:25,23
DA:32,105
DA:35,1
DA:37,1
DA:45,1
DA:60,1
DA:61,12
DA:67,12
DA:70,0
DA:74,1
DA:81,355
DA:82,169
DA:86,169
DA:88,186
DA:98,276
DA:99,276
DA:106,169
DA:111,169
DA:113,0
DA:120,0
DA:121,0
DA:128,0
DA:135,0
DA:140,23
LF:25
LH:19
BRDA:32,0,0,104
BRDA:32,0,1,1
BRDA:61,1,0,12
BRDA:61,1,1,0
BRDA:62,2,0,12
BRDA:62,2,1,12
BRDA:62,2,2,12
BRDA:67,3,0,12
BRDA:67,3,1,2
BRDA:70,4,0,0
BRDA:70,4,1,0
BRDA:81,5,0,169
BRDA:81,5,1,186
BRDA:88,6,0,186
BRDA:88,6,1,0
BRDA:99,7,0,276
BRDA:99,7,1,1
BRDA:106,8,0,169
BRDA:106,8,1,0
BRDA:107,9,0,169
BRDA:107,9,1,169
BRDA:107,9,2,169
BRDA:111,10,0,169
BRDA:111,10,1,1
BRDA:113,11,0,0
BRDA:113,11,1,0
BRDA:121,12,0,0
BRDA:121,12,1,0
BRDA:121,12,2,0
BRF:29
BRH:19
end_of_record
